ERROR - 2024-09-23 01:59:41 --> Error connecting to the database: mysqli_sql_exception: No connection could be made because the target machine actively refused it in E:\laragon\www\BE\system\Database\MySQLi\Connection.php:187
Stack trace:
#0 E:\laragon\www\BE\system\Database\MySQLi\Connection.php(187): mysqli->real_connect('localhost', 'root', '', 'aivr', 3306, '', 0)
#1 E:\laragon\www\BE\system\Database\BaseConnection.php(421): CodeIgniter\Database\MySQLi\Connection->connect(false)
#2 E:\laragon\www\BE\system\Database\BaseConnection.php(616): CodeIgniter\Database\BaseConnection->initialize()
#3 E:\laragon\www\BE\system\Database\BaseBuilder.php(1644): CodeIgniter\Database\BaseConnection->query('SELECT `orders`...', Array, false)
#4 E:\laragon\www\BE\system\Model.php(286): CodeIgniter\Database\BaseBuilder->get()
#5 E:\laragon\www\BE\system\BaseModel.php(676): CodeIgniter\Model->doFindAll(0, 0)
#6 E:\laragon\www\BE\app\Models\OrderModel.php(26): CodeIgniter\BaseModel->findAll()
#7 E:\laragon\www\BE\app\Controllers\OrderController.php(17): App\Models\OrderModel->getOrdersWithDetails()
#8 E:\laragon\www\BE\system\CodeIgniter.php(933): App\Controllers\OrderController->getOrders()
#9 E:\laragon\www\BE\system\CodeIgniter.php(509): CodeIgniter\CodeIgniter->runController(Object(App\Controllers\OrderController))
#10 E:\laragon\www\BE\system\CodeIgniter.php(355): CodeIgniter\CodeIgniter->handleRequest(NULL, Object(Config\Cache), false)
#11 E:\laragon\www\BE\system\Boot.php(325): CodeIgniter\CodeIgniter->run()
#12 E:\laragon\www\BE\system\Boot.php(67): CodeIgniter\Boot::runCodeIgniter(Object(CodeIgniter\CodeIgniter))
#13 E:\laragon\www\BE\public\index.php(64): CodeIgniter\Boot::bootWeb(Object(Config\Paths))
#14 {main}

Next CodeIgniter\Database\Exceptions\DatabaseException: No connection could be made because the target machine actively refused it in E:\laragon\www\BE\system\Database\MySQLi\Connection.php:231
Stack trace:
#0 E:\laragon\www\BE\system\Database\BaseConnection.php(421): CodeIgniter\Database\MySQLi\Connection->connect(false)
#1 E:\laragon\www\BE\system\Database\BaseConnection.php(616): CodeIgniter\Database\BaseConnection->initialize()
#2 E:\laragon\www\BE\system\Database\BaseBuilder.php(1644): CodeIgniter\Database\BaseConnection->query('SELECT `orders`...', Array, false)
#3 E:\laragon\www\BE\system\Model.php(286): CodeIgniter\Database\BaseBuilder->get()
#4 E:\laragon\www\BE\system\BaseModel.php(676): CodeIgniter\Model->doFindAll(0, 0)
#5 E:\laragon\www\BE\app\Models\OrderModel.php(26): CodeIgniter\BaseModel->findAll()
#6 E:\laragon\www\BE\app\Controllers\OrderController.php(17): App\Models\OrderModel->getOrdersWithDetails()
#7 E:\laragon\www\BE\system\CodeIgniter.php(933): App\Controllers\OrderController->getOrders()
#8 E:\laragon\www\BE\system\CodeIgniter.php(509): CodeIgniter\CodeIgniter->runController(Object(App\Controllers\OrderController))
#9 E:\laragon\www\BE\system\CodeIgniter.php(355): CodeIgniter\CodeIgniter->handleRequest(NULL, Object(Config\Cache), false)
#10 E:\laragon\www\BE\system\Boot.php(325): CodeIgniter\CodeIgniter->run()
#11 E:\laragon\www\BE\system\Boot.php(67): CodeIgniter\Boot::runCodeIgniter(Object(CodeIgniter\CodeIgniter))
#12 E:\laragon\www\BE\public\index.php(64): CodeIgniter\Boot::bootWeb(Object(Config\Paths))
#13 {main}
CRITICAL - 2024-09-23 01:59:41 --> CodeIgniter\Database\Exceptions\DatabaseException: Unable to connect to the database.
Main connection [MySQLi]: No connection could be made because the target machine actively refused it
[Method: GET, Route: get-orders]
in SYSTEMPATH\Database\BaseConnection.php on line 467.
 1 SYSTEMPATH\Database\BaseConnection.php(616): CodeIgniter\Database\BaseConnection->initialize()
 2 SYSTEMPATH\Database\BaseBuilder.php(1644): CodeIgniter\Database\BaseConnection->query('SELECT `orders`.*, `menu`.`name` as `menu_name`, `menu`.`price` as `menu_price`, `order_details`.`quantity`, `order_details`.`status`, `order_details`.`subtotal`
FROM `orders`
LEFT JOIN `order_details` ON `order_details`.`order_id` = `orders`.`id`
LEFT JOIN `menu` ON `menu`.`id` = `order_details`.`menu_item_id`', [], false)
 3 SYSTEMPATH\Model.php(286): CodeIgniter\Database\BaseBuilder->get()
 4 SYSTEMPATH\BaseModel.php(676): CodeIgniter\Model->doFindAll(0, 0)
 5 APPPATH\Models\OrderModel.php(26): CodeIgniter\BaseModel->findAll()
 6 APPPATH\Controllers\OrderController.php(17): App\Models\OrderModel->getOrdersWithDetails()
 7 SYSTEMPATH\CodeIgniter.php(933): App\Controllers\OrderController->getOrders()
 8 SYSTEMPATH\CodeIgniter.php(509): CodeIgniter\CodeIgniter->runController(Object(App\Controllers\OrderController))
 9 SYSTEMPATH\CodeIgniter.php(355): CodeIgniter\CodeIgniter->handleRequest(null, Object(Config\Cache), false)
10 SYSTEMPATH\Boot.php(325): CodeIgniter\CodeIgniter->run()
11 SYSTEMPATH\Boot.php(67): CodeIgniter\Boot::runCodeIgniter(Object(CodeIgniter\CodeIgniter))
12 FCPATH\index.php(64): CodeIgniter\Boot::bootWeb(Object(Config\Paths))
ERROR - 2024-09-23 01:59:47 --> Error connecting to the database: mysqli_sql_exception: No connection could be made because the target machine actively refused it in E:\laragon\www\BE\system\Database\MySQLi\Connection.php:187
Stack trace:
#0 E:\laragon\www\BE\system\Database\MySQLi\Connection.php(187): mysqli->real_connect('localhost', 'root', '', 'aivr', 3306, '', 0)
#1 E:\laragon\www\BE\system\Database\BaseConnection.php(421): CodeIgniter\Database\MySQLi\Connection->connect(false)
#2 E:\laragon\www\BE\system\Database\BaseConnection.php(616): CodeIgniter\Database\BaseConnection->initialize()
#3 E:\laragon\www\BE\system\Database\BaseBuilder.php(1644): CodeIgniter\Database\BaseConnection->query('SELECT `orders`...', Array, false)
#4 E:\laragon\www\BE\system\Model.php(286): CodeIgniter\Database\BaseBuilder->get()
#5 E:\laragon\www\BE\system\BaseModel.php(676): CodeIgniter\Model->doFindAll(0, 0)
#6 E:\laragon\www\BE\app\Models\OrderModel.php(26): CodeIgniter\BaseModel->findAll()
#7 E:\laragon\www\BE\app\Controllers\OrderController.php(17): App\Models\OrderModel->getOrdersWithDetails()
#8 E:\laragon\www\BE\system\CodeIgniter.php(933): App\Controllers\OrderController->getOrders()
#9 E:\laragon\www\BE\system\CodeIgniter.php(509): CodeIgniter\CodeIgniter->runController(Object(App\Controllers\OrderController))
#10 E:\laragon\www\BE\system\CodeIgniter.php(355): CodeIgniter\CodeIgniter->handleRequest(NULL, Object(Config\Cache), false)
#11 E:\laragon\www\BE\system\Boot.php(325): CodeIgniter\CodeIgniter->run()
#12 E:\laragon\www\BE\system\Boot.php(67): CodeIgniter\Boot::runCodeIgniter(Object(CodeIgniter\CodeIgniter))
#13 E:\laragon\www\BE\public\index.php(64): CodeIgniter\Boot::bootWeb(Object(Config\Paths))
#14 {main}

Next CodeIgniter\Database\Exceptions\DatabaseException: No connection could be made because the target machine actively refused it in E:\laragon\www\BE\system\Database\MySQLi\Connection.php:231
Stack trace:
#0 E:\laragon\www\BE\system\Database\BaseConnection.php(421): CodeIgniter\Database\MySQLi\Connection->connect(false)
#1 E:\laragon\www\BE\system\Database\BaseConnection.php(616): CodeIgniter\Database\BaseConnection->initialize()
#2 E:\laragon\www\BE\system\Database\BaseBuilder.php(1644): CodeIgniter\Database\BaseConnection->query('SELECT `orders`...', Array, false)
#3 E:\laragon\www\BE\system\Model.php(286): CodeIgniter\Database\BaseBuilder->get()
#4 E:\laragon\www\BE\system\BaseModel.php(676): CodeIgniter\Model->doFindAll(0, 0)
#5 E:\laragon\www\BE\app\Models\OrderModel.php(26): CodeIgniter\BaseModel->findAll()
#6 E:\laragon\www\BE\app\Controllers\OrderController.php(17): App\Models\OrderModel->getOrdersWithDetails()
#7 E:\laragon\www\BE\system\CodeIgniter.php(933): App\Controllers\OrderController->getOrders()
#8 E:\laragon\www\BE\system\CodeIgniter.php(509): CodeIgniter\CodeIgniter->runController(Object(App\Controllers\OrderController))
#9 E:\laragon\www\BE\system\CodeIgniter.php(355): CodeIgniter\CodeIgniter->handleRequest(NULL, Object(Config\Cache), false)
#10 E:\laragon\www\BE\system\Boot.php(325): CodeIgniter\CodeIgniter->run()
#11 E:\laragon\www\BE\system\Boot.php(67): CodeIgniter\Boot::runCodeIgniter(Object(CodeIgniter\CodeIgniter))
#12 E:\laragon\www\BE\public\index.php(64): CodeIgniter\Boot::bootWeb(Object(Config\Paths))
#13 {main}
CRITICAL - 2024-09-23 01:59:47 --> CodeIgniter\Database\Exceptions\DatabaseException: Unable to connect to the database.
Main connection [MySQLi]: No connection could be made because the target machine actively refused it
[Method: GET, Route: get-orders]
in SYSTEMPATH\Database\BaseConnection.php on line 467.
 1 SYSTEMPATH\Database\BaseConnection.php(616): CodeIgniter\Database\BaseConnection->initialize()
 2 SYSTEMPATH\Database\BaseBuilder.php(1644): CodeIgniter\Database\BaseConnection->query('SELECT `orders`.*, `menu`.`name` as `menu_name`, `menu`.`price` as `menu_price`, `order_details`.`quantity`, `order_details`.`status`, `order_details`.`subtotal`
FROM `orders`
LEFT JOIN `order_details` ON `order_details`.`order_id` = `orders`.`id`
LEFT JOIN `menu` ON `menu`.`id` = `order_details`.`menu_item_id`', [], false)
 3 SYSTEMPATH\Model.php(286): CodeIgniter\Database\BaseBuilder->get()
 4 SYSTEMPATH\BaseModel.php(676): CodeIgniter\Model->doFindAll(0, 0)
 5 APPPATH\Models\OrderModel.php(26): CodeIgniter\BaseModel->findAll()
 6 APPPATH\Controllers\OrderController.php(17): App\Models\OrderModel->getOrdersWithDetails()
 7 SYSTEMPATH\CodeIgniter.php(933): App\Controllers\OrderController->getOrders()
 8 SYSTEMPATH\CodeIgniter.php(509): CodeIgniter\CodeIgniter->runController(Object(App\Controllers\OrderController))
 9 SYSTEMPATH\CodeIgniter.php(355): CodeIgniter\CodeIgniter->handleRequest(null, Object(Config\Cache), false)
10 SYSTEMPATH\Boot.php(325): CodeIgniter\CodeIgniter->run()
11 SYSTEMPATH\Boot.php(67): CodeIgniter\Boot::runCodeIgniter(Object(CodeIgniter\CodeIgniter))
12 FCPATH\index.php(64): CodeIgniter\Boot::bootWeb(Object(Config\Paths))
CRITICAL - 2024-09-23 02:44:03 --> ErrorException: Cannot use positional argument after named argument
[Method: GET, Route: get-orders]
in APPPATH\Config\Routes.php on line 47.
 1 [internal function]: CodeIgniter\Debug\Exceptions->shutdownHandler()
CRITICAL - 2024-09-23 02:44:04 --> ErrorException: Cannot use positional argument after named argument
[Method: GET, Route: get-orders]
in APPPATH\Config\Routes.php on line 47.
 1 [internal function]: CodeIgniter\Debug\Exceptions->shutdownHandler()
ERROR - 2024-09-23 03:42:29 --> mysqli_sql_exception: Cannot add or update a child row: a foreign key constraint fails (`aivr`.`online_order_details`, CONSTRAINT `online_order_details_online_order_id_foreign` FOREIGN KEY (`online_order_id`) REFERENCES `online_orders` (`id`) ON DELETE CASCADE ON UPDATE CASCADE) in E:\laragon\www\BE\system\Database\MySQLi\Connection.php:312
Stack trace:
#0 E:\laragon\www\BE\system\Database\MySQLi\Connection.php(312): mysqli->query('INSERT INTO `on...', 0)
#1 E:\laragon\www\BE\system\Database\BaseConnection.php(734): CodeIgniter\Database\MySQLi\Connection->execute('INSERT INTO `on...')
#2 E:\laragon\www\BE\system\Database\BaseConnection.php(648): CodeIgniter\Database\BaseConnection->simpleQuery('INSERT INTO `on...')
#3 E:\laragon\www\BE\system\Database\BaseBuilder.php(2340): CodeIgniter\Database\BaseConnection->query('INSERT INTO `on...', Array, false)
#4 E:\laragon\www\BE\system\Model.php(394): CodeIgniter\Database\BaseBuilder->insert()
#5 E:\laragon\www\BE\system\BaseModel.php(840): CodeIgniter\Model->doInsert(Array)
#6 E:\laragon\www\BE\system\Model.php(802): CodeIgniter\BaseModel->insert(Array, true)
#7 E:\laragon\www\BE\app\Controllers\OnlineOrderDetailsController.php(39): CodeIgniter\Model->insert(Array)
#8 E:\laragon\www\BE\system\CodeIgniter.php(933): App\Controllers\OnlineOrderDetailsController->addOrUpdateOnlineOrderDetail()
#9 E:\laragon\www\BE\system\CodeIgniter.php(509): CodeIgniter\CodeIgniter->runController(Object(App\Controllers\OnlineOrderDetailsController))
#10 E:\laragon\www\BE\system\CodeIgniter.php(355): CodeIgniter\CodeIgniter->handleRequest(NULL, Object(Config\Cache), false)
#11 E:\laragon\www\BE\system\Boot.php(325): CodeIgniter\CodeIgniter->run()
#12 E:\laragon\www\BE\system\Boot.php(67): CodeIgniter\Boot::runCodeIgniter(Object(CodeIgniter\CodeIgniter))
#13 E:\laragon\www\BE\public\index.php(64): CodeIgniter\Boot::bootWeb(Object(Config\Paths))
#14 {main}
CRITICAL - 2024-09-23 03:42:29 --> CodeIgniter\Database\Exceptions\DatabaseException: Cannot add or update a child row: a foreign key constraint fails (`aivr`.`online_order_details`, CONSTRAINT `online_order_details_online_order_id_foreign` FOREIGN KEY (`online_order_id`) REFERENCES `online_orders` (`id`) ON DELETE CASCADE ON UPDATE CASCADE)
[Method: POST, Route: add-or-update-online-order-detail]
in SYSTEMPATH\Database\BaseConnection.php on line 688.
 1 SYSTEMPATH\Database\BaseBuilder.php(2340): CodeIgniter\Database\BaseConnection->query('INSERT INTO `online_order_details` (`online_order_id`, `menu_item_id`, `quantity`, `subtotal`) VALUES (:online_order_id:, :menu_item_id:, :quantity:, :subtotal:)', [...], false)
 2 SYSTEMPATH\Model.php(394): CodeIgniter\Database\BaseBuilder->insert()
 3 SYSTEMPATH\BaseModel.php(840): CodeIgniter\Model->doInsert([...])
 4 SYSTEMPATH\Model.php(802): CodeIgniter\BaseModel->insert([...], true)
 5 APPPATH\Controllers\OnlineOrderDetailsController.php(39): CodeIgniter\Model->insert([...])
 6 SYSTEMPATH\CodeIgniter.php(933): App\Controllers\OnlineOrderDetailsController->addOrUpdateOnlineOrderDetail()
 7 SYSTEMPATH\CodeIgniter.php(509): CodeIgniter\CodeIgniter->runController(Object(App\Controllers\OnlineOrderDetailsController))
 8 SYSTEMPATH\CodeIgniter.php(355): CodeIgniter\CodeIgniter->handleRequest(null, Object(Config\Cache), false)
 9 SYSTEMPATH\Boot.php(325): CodeIgniter\CodeIgniter->run()
10 SYSTEMPATH\Boot.php(67): CodeIgniter\Boot::runCodeIgniter(Object(CodeIgniter\CodeIgniter))
11 FCPATH\index.php(64): CodeIgniter\Boot::bootWeb(Object(Config\Paths))
CRITICAL - 2024-09-23 03:42:29 --> [Caused by] CodeIgniter\Database\Exceptions\DatabaseException: Cannot add or update a child row: a foreign key constraint fails (`aivr`.`online_order_details`, CONSTRAINT `online_order_details_online_order_id_foreign` FOREIGN KEY (`online_order_id`) REFERENCES `online_orders` (`id`) ON DELETE CASCADE ON UPDATE CASCADE)
in SYSTEMPATH\Database\MySQLi\Connection.php on line 317.
 1 SYSTEMPATH\Database\BaseConnection.php(734): CodeIgniter\Database\MySQLi\Connection->execute('INSERT INTO `online_order_details` (`online_order_id`, `menu_item_id`, `quantity`, `subtotal`) VALUES (\'42\', \'2\', 1, \'70.00\')')
 2 SYSTEMPATH\Database\BaseConnection.php(648): CodeIgniter\Database\BaseConnection->simpleQuery('INSERT INTO `online_order_details` (`online_order_id`, `menu_item_id`, `quantity`, `subtotal`) VALUES (\'42\', \'2\', 1, \'70.00\')')
 3 SYSTEMPATH\Database\BaseBuilder.php(2340): CodeIgniter\Database\BaseConnection->query('INSERT INTO `online_order_details` (`online_order_id`, `menu_item_id`, `quantity`, `subtotal`) VALUES (:online_order_id:, :menu_item_id:, :quantity:, :subtotal:)', [...], false)
 4 SYSTEMPATH\Model.php(394): CodeIgniter\Database\BaseBuilder->insert()
 5 SYSTEMPATH\BaseModel.php(840): CodeIgniter\Model->doInsert([...])
 6 SYSTEMPATH\Model.php(802): CodeIgniter\BaseModel->insert([...], true)
 7 APPPATH\Controllers\OnlineOrderDetailsController.php(39): CodeIgniter\Model->insert([...])
 8 SYSTEMPATH\CodeIgniter.php(933): App\Controllers\OnlineOrderDetailsController->addOrUpdateOnlineOrderDetail()
 9 SYSTEMPATH\CodeIgniter.php(509): CodeIgniter\CodeIgniter->runController(Object(App\Controllers\OnlineOrderDetailsController))
10 SYSTEMPATH\CodeIgniter.php(355): CodeIgniter\CodeIgniter->handleRequest(null, Object(Config\Cache), false)
11 SYSTEMPATH\Boot.php(325): CodeIgniter\CodeIgniter->run()
12 SYSTEMPATH\Boot.php(67): CodeIgniter\Boot::runCodeIgniter(Object(CodeIgniter\CodeIgniter))
13 FCPATH\index.php(64): CodeIgniter\Boot::bootWeb(Object(Config\Paths))
CRITICAL - 2024-09-23 03:42:29 --> [Caused by] mysqli_sql_exception: Cannot add or update a child row: a foreign key constraint fails (`aivr`.`online_order_details`, CONSTRAINT `online_order_details_online_order_id_foreign` FOREIGN KEY (`online_order_id`) REFERENCES `online_orders` (`id`) ON DELETE CASCADE ON UPDATE CASCADE)
in SYSTEMPATH\Database\MySQLi\Connection.php on line 312.
 1 SYSTEMPATH\Database\MySQLi\Connection.php(312): mysqli->query('INSERT INTO `online_order_details` (`online_order_id`, `menu_item_id`, `quantity`, `subtotal`) VALUES (\'42\', \'2\', 1, \'70.00\')', 0)
 2 SYSTEMPATH\Database\BaseConnection.php(734): CodeIgniter\Database\MySQLi\Connection->execute('INSERT INTO `online_order_details` (`online_order_id`, `menu_item_id`, `quantity`, `subtotal`) VALUES (\'42\', \'2\', 1, \'70.00\')')
 3 SYSTEMPATH\Database\BaseConnection.php(648): CodeIgniter\Database\BaseConnection->simpleQuery('INSERT INTO `online_order_details` (`online_order_id`, `menu_item_id`, `quantity`, `subtotal`) VALUES (\'42\', \'2\', 1, \'70.00\')')
 4 SYSTEMPATH\Database\BaseBuilder.php(2340): CodeIgniter\Database\BaseConnection->query('INSERT INTO `online_order_details` (`online_order_id`, `menu_item_id`, `quantity`, `subtotal`) VALUES (:online_order_id:, :menu_item_id:, :quantity:, :subtotal:)', [...], false)
 5 SYSTEMPATH\Model.php(394): CodeIgniter\Database\BaseBuilder->insert()
 6 SYSTEMPATH\BaseModel.php(840): CodeIgniter\Model->doInsert([...])
 7 SYSTEMPATH\Model.php(802): CodeIgniter\BaseModel->insert([...], true)
 8 APPPATH\Controllers\OnlineOrderDetailsController.php(39): CodeIgniter\Model->insert([...])
 9 SYSTEMPATH\CodeIgniter.php(933): App\Controllers\OnlineOrderDetailsController->addOrUpdateOnlineOrderDetail()
10 SYSTEMPATH\CodeIgniter.php(509): CodeIgniter\CodeIgniter->runController(Object(App\Controllers\OnlineOrderDetailsController))
11 SYSTEMPATH\CodeIgniter.php(355): CodeIgniter\CodeIgniter->handleRequest(null, Object(Config\Cache), false)
12 SYSTEMPATH\Boot.php(325): CodeIgniter\CodeIgniter->run()
13 SYSTEMPATH\Boot.php(67): CodeIgniter\Boot::runCodeIgniter(Object(CodeIgniter\CodeIgniter))
14 FCPATH\index.php(64): CodeIgniter\Boot::bootWeb(Object(Config\Paths))
ERROR - 2024-09-23 03:42:29 --> mysqli_sql_exception: Cannot add or update a child row: a foreign key constraint fails (`aivr`.`online_order_details`, CONSTRAINT `online_order_details_online_order_id_foreign` FOREIGN KEY (`online_order_id`) REFERENCES `online_orders` (`id`) ON DELETE CASCADE ON UPDATE CASCADE) in E:\laragon\www\BE\system\Database\MySQLi\Connection.php:312
Stack trace:
#0 E:\laragon\www\BE\system\Database\MySQLi\Connection.php(312): mysqli->query('INSERT INTO `on...', 0)
#1 E:\laragon\www\BE\system\Database\BaseConnection.php(734): CodeIgniter\Database\MySQLi\Connection->execute('INSERT INTO `on...')
#2 E:\laragon\www\BE\system\Database\BaseConnection.php(648): CodeIgniter\Database\BaseConnection->simpleQuery('INSERT INTO `on...')
#3 E:\laragon\www\BE\system\Database\BaseBuilder.php(2340): CodeIgniter\Database\BaseConnection->query('INSERT INTO `on...', Array, false)
#4 E:\laragon\www\BE\system\Model.php(394): CodeIgniter\Database\BaseBuilder->insert()
#5 E:\laragon\www\BE\system\BaseModel.php(840): CodeIgniter\Model->doInsert(Array)
#6 E:\laragon\www\BE\system\Model.php(802): CodeIgniter\BaseModel->insert(Array, true)
#7 E:\laragon\www\BE\app\Controllers\OnlineOrderDetailsController.php(39): CodeIgniter\Model->insert(Array)
#8 E:\laragon\www\BE\system\CodeIgniter.php(933): App\Controllers\OnlineOrderDetailsController->addOrUpdateOnlineOrderDetail()
#9 E:\laragon\www\BE\system\CodeIgniter.php(509): CodeIgniter\CodeIgniter->runController(Object(App\Controllers\OnlineOrderDetailsController))
#10 E:\laragon\www\BE\system\CodeIgniter.php(355): CodeIgniter\CodeIgniter->handleRequest(NULL, Object(Config\Cache), false)
#11 E:\laragon\www\BE\system\Boot.php(325): CodeIgniter\CodeIgniter->run()
#12 E:\laragon\www\BE\system\Boot.php(67): CodeIgniter\Boot::runCodeIgniter(Object(CodeIgniter\CodeIgniter))
#13 E:\laragon\www\BE\public\index.php(64): CodeIgniter\Boot::bootWeb(Object(Config\Paths))
#14 {main}
CRITICAL - 2024-09-23 03:42:29 --> CodeIgniter\Database\Exceptions\DatabaseException: Cannot add or update a child row: a foreign key constraint fails (`aivr`.`online_order_details`, CONSTRAINT `online_order_details_online_order_id_foreign` FOREIGN KEY (`online_order_id`) REFERENCES `online_orders` (`id`) ON DELETE CASCADE ON UPDATE CASCADE)
[Method: POST, Route: add-or-update-online-order-detail]
in SYSTEMPATH\Database\BaseConnection.php on line 688.
 1 SYSTEMPATH\Database\BaseBuilder.php(2340): CodeIgniter\Database\BaseConnection->query('INSERT INTO `online_order_details` (`online_order_id`, `menu_item_id`, `quantity`, `subtotal`) VALUES (:online_order_id:, :menu_item_id:, :quantity:, :subtotal:)', [...], false)
 2 SYSTEMPATH\Model.php(394): CodeIgniter\Database\BaseBuilder->insert()
 3 SYSTEMPATH\BaseModel.php(840): CodeIgniter\Model->doInsert([...])
 4 SYSTEMPATH\Model.php(802): CodeIgniter\BaseModel->insert([...], true)
 5 APPPATH\Controllers\OnlineOrderDetailsController.php(39): CodeIgniter\Model->insert([...])
 6 SYSTEMPATH\CodeIgniter.php(933): App\Controllers\OnlineOrderDetailsController->addOrUpdateOnlineOrderDetail()
 7 SYSTEMPATH\CodeIgniter.php(509): CodeIgniter\CodeIgniter->runController(Object(App\Controllers\OnlineOrderDetailsController))
 8 SYSTEMPATH\CodeIgniter.php(355): CodeIgniter\CodeIgniter->handleRequest(null, Object(Config\Cache), false)
 9 SYSTEMPATH\Boot.php(325): CodeIgniter\CodeIgniter->run()
10 SYSTEMPATH\Boot.php(67): CodeIgniter\Boot::runCodeIgniter(Object(CodeIgniter\CodeIgniter))
11 FCPATH\index.php(64): CodeIgniter\Boot::bootWeb(Object(Config\Paths))
CRITICAL - 2024-09-23 03:42:29 --> [Caused by] CodeIgniter\Database\Exceptions\DatabaseException: Cannot add or update a child row: a foreign key constraint fails (`aivr`.`online_order_details`, CONSTRAINT `online_order_details_online_order_id_foreign` FOREIGN KEY (`online_order_id`) REFERENCES `online_orders` (`id`) ON DELETE CASCADE ON UPDATE CASCADE)
in SYSTEMPATH\Database\MySQLi\Connection.php on line 317.
 1 SYSTEMPATH\Database\BaseConnection.php(734): CodeIgniter\Database\MySQLi\Connection->execute('INSERT INTO `online_order_details` (`online_order_id`, `menu_item_id`, `quantity`, `subtotal`) VALUES (\'42\', \'2\', 1, \'70.00\')')
 2 SYSTEMPATH\Database\BaseConnection.php(648): CodeIgniter\Database\BaseConnection->simpleQuery('INSERT INTO `online_order_details` (`online_order_id`, `menu_item_id`, `quantity`, `subtotal`) VALUES (\'42\', \'2\', 1, \'70.00\')')
 3 SYSTEMPATH\Database\BaseBuilder.php(2340): CodeIgniter\Database\BaseConnection->query('INSERT INTO `online_order_details` (`online_order_id`, `menu_item_id`, `quantity`, `subtotal`) VALUES (:online_order_id:, :menu_item_id:, :quantity:, :subtotal:)', [...], false)
 4 SYSTEMPATH\Model.php(394): CodeIgniter\Database\BaseBuilder->insert()
 5 SYSTEMPATH\BaseModel.php(840): CodeIgniter\Model->doInsert([...])
 6 SYSTEMPATH\Model.php(802): CodeIgniter\BaseModel->insert([...], true)
 7 APPPATH\Controllers\OnlineOrderDetailsController.php(39): CodeIgniter\Model->insert([...])
 8 SYSTEMPATH\CodeIgniter.php(933): App\Controllers\OnlineOrderDetailsController->addOrUpdateOnlineOrderDetail()
 9 SYSTEMPATH\CodeIgniter.php(509): CodeIgniter\CodeIgniter->runController(Object(App\Controllers\OnlineOrderDetailsController))
10 SYSTEMPATH\CodeIgniter.php(355): CodeIgniter\CodeIgniter->handleRequest(null, Object(Config\Cache), false)
11 SYSTEMPATH\Boot.php(325): CodeIgniter\CodeIgniter->run()
12 SYSTEMPATH\Boot.php(67): CodeIgniter\Boot::runCodeIgniter(Object(CodeIgniter\CodeIgniter))
13 FCPATH\index.php(64): CodeIgniter\Boot::bootWeb(Object(Config\Paths))
CRITICAL - 2024-09-23 03:42:29 --> [Caused by] mysqli_sql_exception: Cannot add or update a child row: a foreign key constraint fails (`aivr`.`online_order_details`, CONSTRAINT `online_order_details_online_order_id_foreign` FOREIGN KEY (`online_order_id`) REFERENCES `online_orders` (`id`) ON DELETE CASCADE ON UPDATE CASCADE)
in SYSTEMPATH\Database\MySQLi\Connection.php on line 312.
 1 SYSTEMPATH\Database\MySQLi\Connection.php(312): mysqli->query('INSERT INTO `online_order_details` (`online_order_id`, `menu_item_id`, `quantity`, `subtotal`) VALUES (\'42\', \'2\', 1, \'70.00\')', 0)
 2 SYSTEMPATH\Database\BaseConnection.php(734): CodeIgniter\Database\MySQLi\Connection->execute('INSERT INTO `online_order_details` (`online_order_id`, `menu_item_id`, `quantity`, `subtotal`) VALUES (\'42\', \'2\', 1, \'70.00\')')
 3 SYSTEMPATH\Database\BaseConnection.php(648): CodeIgniter\Database\BaseConnection->simpleQuery('INSERT INTO `online_order_details` (`online_order_id`, `menu_item_id`, `quantity`, `subtotal`) VALUES (\'42\', \'2\', 1, \'70.00\')')
 4 SYSTEMPATH\Database\BaseBuilder.php(2340): CodeIgniter\Database\BaseConnection->query('INSERT INTO `online_order_details` (`online_order_id`, `menu_item_id`, `quantity`, `subtotal`) VALUES (:online_order_id:, :menu_item_id:, :quantity:, :subtotal:)', [...], false)
 5 SYSTEMPATH\Model.php(394): CodeIgniter\Database\BaseBuilder->insert()
 6 SYSTEMPATH\BaseModel.php(840): CodeIgniter\Model->doInsert([...])
 7 SYSTEMPATH\Model.php(802): CodeIgniter\BaseModel->insert([...], true)
 8 APPPATH\Controllers\OnlineOrderDetailsController.php(39): CodeIgniter\Model->insert([...])
 9 SYSTEMPATH\CodeIgniter.php(933): App\Controllers\OnlineOrderDetailsController->addOrUpdateOnlineOrderDetail()
10 SYSTEMPATH\CodeIgniter.php(509): CodeIgniter\CodeIgniter->runController(Object(App\Controllers\OnlineOrderDetailsController))
11 SYSTEMPATH\CodeIgniter.php(355): CodeIgniter\CodeIgniter->handleRequest(null, Object(Config\Cache), false)
12 SYSTEMPATH\Boot.php(325): CodeIgniter\CodeIgniter->run()
13 SYSTEMPATH\Boot.php(67): CodeIgniter\Boot::runCodeIgniter(Object(CodeIgniter\CodeIgniter))
14 FCPATH\index.php(64): CodeIgniter\Boot::bootWeb(Object(Config\Paths))
ERROR - 2024-09-23 03:47:10 --> mysqli_sql_exception: Cannot add or update a child row: a foreign key constraint fails (`aivr`.`online_order_details`, CONSTRAINT `online_order_details_online_order_id_foreign` FOREIGN KEY (`online_order_id`) REFERENCES `online_orders` (`id`) ON DELETE CASCADE ON UPDATE CASCADE) in E:\laragon\www\BE\system\Database\MySQLi\Connection.php:312
Stack trace:
#0 E:\laragon\www\BE\system\Database\MySQLi\Connection.php(312): mysqli->query('INSERT INTO `on...', 0)
#1 E:\laragon\www\BE\system\Database\BaseConnection.php(734): CodeIgniter\Database\MySQLi\Connection->execute('INSERT INTO `on...')
#2 E:\laragon\www\BE\system\Database\BaseConnection.php(648): CodeIgniter\Database\BaseConnection->simpleQuery('INSERT INTO `on...')
#3 E:\laragon\www\BE\system\Database\BaseBuilder.php(2340): CodeIgniter\Database\BaseConnection->query('INSERT INTO `on...', Array, false)
#4 E:\laragon\www\BE\system\Model.php(394): CodeIgniter\Database\BaseBuilder->insert()
#5 E:\laragon\www\BE\system\BaseModel.php(840): CodeIgniter\Model->doInsert(Array)
#6 E:\laragon\www\BE\system\Model.php(802): CodeIgniter\BaseModel->insert(Array, true)
#7 E:\laragon\www\BE\app\Controllers\OnlineOrderDetailsController.php(39): CodeIgniter\Model->insert(Array)
#8 E:\laragon\www\BE\system\CodeIgniter.php(933): App\Controllers\OnlineOrderDetailsController->addOrUpdateOnlineOrderDetail()
#9 E:\laragon\www\BE\system\CodeIgniter.php(509): CodeIgniter\CodeIgniter->runController(Object(App\Controllers\OnlineOrderDetailsController))
#10 E:\laragon\www\BE\system\CodeIgniter.php(355): CodeIgniter\CodeIgniter->handleRequest(NULL, Object(Config\Cache), false)
#11 E:\laragon\www\BE\system\Boot.php(325): CodeIgniter\CodeIgniter->run()
#12 E:\laragon\www\BE\system\Boot.php(67): CodeIgniter\Boot::runCodeIgniter(Object(CodeIgniter\CodeIgniter))
#13 E:\laragon\www\BE\public\index.php(64): CodeIgniter\Boot::bootWeb(Object(Config\Paths))
#14 {main}
CRITICAL - 2024-09-23 03:47:10 --> CodeIgniter\Database\Exceptions\DatabaseException: Cannot add or update a child row: a foreign key constraint fails (`aivr`.`online_order_details`, CONSTRAINT `online_order_details_online_order_id_foreign` FOREIGN KEY (`online_order_id`) REFERENCES `online_orders` (`id`) ON DELETE CASCADE ON UPDATE CASCADE)
[Method: POST, Route: add-or-update-online-order-detail]
in SYSTEMPATH\Database\BaseConnection.php on line 688.
 1 SYSTEMPATH\Database\BaseBuilder.php(2340): CodeIgniter\Database\BaseConnection->query('INSERT INTO `online_order_details` (`online_order_id`, `menu_item_id`, `quantity`, `subtotal`) VALUES (:online_order_id:, :menu_item_id:, :quantity:, :subtotal:)', [...], false)
 2 SYSTEMPATH\Model.php(394): CodeIgniter\Database\BaseBuilder->insert()
 3 SYSTEMPATH\BaseModel.php(840): CodeIgniter\Model->doInsert([...])
 4 SYSTEMPATH\Model.php(802): CodeIgniter\BaseModel->insert([...], true)
 5 APPPATH\Controllers\OnlineOrderDetailsController.php(39): CodeIgniter\Model->insert([...])
 6 SYSTEMPATH\CodeIgniter.php(933): App\Controllers\OnlineOrderDetailsController->addOrUpdateOnlineOrderDetail()
 7 SYSTEMPATH\CodeIgniter.php(509): CodeIgniter\CodeIgniter->runController(Object(App\Controllers\OnlineOrderDetailsController))
 8 SYSTEMPATH\CodeIgniter.php(355): CodeIgniter\CodeIgniter->handleRequest(null, Object(Config\Cache), false)
 9 SYSTEMPATH\Boot.php(325): CodeIgniter\CodeIgniter->run()
10 SYSTEMPATH\Boot.php(67): CodeIgniter\Boot::runCodeIgniter(Object(CodeIgniter\CodeIgniter))
11 FCPATH\index.php(64): CodeIgniter\Boot::bootWeb(Object(Config\Paths))
CRITICAL - 2024-09-23 03:47:10 --> [Caused by] CodeIgniter\Database\Exceptions\DatabaseException: Cannot add or update a child row: a foreign key constraint fails (`aivr`.`online_order_details`, CONSTRAINT `online_order_details_online_order_id_foreign` FOREIGN KEY (`online_order_id`) REFERENCES `online_orders` (`id`) ON DELETE CASCADE ON UPDATE CASCADE)
in SYSTEMPATH\Database\MySQLi\Connection.php on line 317.
 1 SYSTEMPATH\Database\BaseConnection.php(734): CodeIgniter\Database\MySQLi\Connection->execute('INSERT INTO `online_order_details` (`online_order_id`, `menu_item_id`, `quantity`, `subtotal`) VALUES (\'42\', \'11\', 1, \'15.00\')')
 2 SYSTEMPATH\Database\BaseConnection.php(648): CodeIgniter\Database\BaseConnection->simpleQuery('INSERT INTO `online_order_details` (`online_order_id`, `menu_item_id`, `quantity`, `subtotal`) VALUES (\'42\', \'11\', 1, \'15.00\')')
 3 SYSTEMPATH\Database\BaseBuilder.php(2340): CodeIgniter\Database\BaseConnection->query('INSERT INTO `online_order_details` (`online_order_id`, `menu_item_id`, `quantity`, `subtotal`) VALUES (:online_order_id:, :menu_item_id:, :quantity:, :subtotal:)', [...], false)
 4 SYSTEMPATH\Model.php(394): CodeIgniter\Database\BaseBuilder->insert()
 5 SYSTEMPATH\BaseModel.php(840): CodeIgniter\Model->doInsert([...])
 6 SYSTEMPATH\Model.php(802): CodeIgniter\BaseModel->insert([...], true)
 7 APPPATH\Controllers\OnlineOrderDetailsController.php(39): CodeIgniter\Model->insert([...])
 8 SYSTEMPATH\CodeIgniter.php(933): App\Controllers\OnlineOrderDetailsController->addOrUpdateOnlineOrderDetail()
 9 SYSTEMPATH\CodeIgniter.php(509): CodeIgniter\CodeIgniter->runController(Object(App\Controllers\OnlineOrderDetailsController))
10 SYSTEMPATH\CodeIgniter.php(355): CodeIgniter\CodeIgniter->handleRequest(null, Object(Config\Cache), false)
11 SYSTEMPATH\Boot.php(325): CodeIgniter\CodeIgniter->run()
12 SYSTEMPATH\Boot.php(67): CodeIgniter\Boot::runCodeIgniter(Object(CodeIgniter\CodeIgniter))
13 FCPATH\index.php(64): CodeIgniter\Boot::bootWeb(Object(Config\Paths))
CRITICAL - 2024-09-23 03:47:10 --> [Caused by] mysqli_sql_exception: Cannot add or update a child row: a foreign key constraint fails (`aivr`.`online_order_details`, CONSTRAINT `online_order_details_online_order_id_foreign` FOREIGN KEY (`online_order_id`) REFERENCES `online_orders` (`id`) ON DELETE CASCADE ON UPDATE CASCADE)
in SYSTEMPATH\Database\MySQLi\Connection.php on line 312.
 1 SYSTEMPATH\Database\MySQLi\Connection.php(312): mysqli->query('INSERT INTO `online_order_details` (`online_order_id`, `menu_item_id`, `quantity`, `subtotal`) VALUES (\'42\', \'11\', 1, \'15.00\')', 0)
 2 SYSTEMPATH\Database\BaseConnection.php(734): CodeIgniter\Database\MySQLi\Connection->execute('INSERT INTO `online_order_details` (`online_order_id`, `menu_item_id`, `quantity`, `subtotal`) VALUES (\'42\', \'11\', 1, \'15.00\')')
 3 SYSTEMPATH\Database\BaseConnection.php(648): CodeIgniter\Database\BaseConnection->simpleQuery('INSERT INTO `online_order_details` (`online_order_id`, `menu_item_id`, `quantity`, `subtotal`) VALUES (\'42\', \'11\', 1, \'15.00\')')
 4 SYSTEMPATH\Database\BaseBuilder.php(2340): CodeIgniter\Database\BaseConnection->query('INSERT INTO `online_order_details` (`online_order_id`, `menu_item_id`, `quantity`, `subtotal`) VALUES (:online_order_id:, :menu_item_id:, :quantity:, :subtotal:)', [...], false)
 5 SYSTEMPATH\Model.php(394): CodeIgniter\Database\BaseBuilder->insert()
 6 SYSTEMPATH\BaseModel.php(840): CodeIgniter\Model->doInsert([...])
 7 SYSTEMPATH\Model.php(802): CodeIgniter\BaseModel->insert([...], true)
 8 APPPATH\Controllers\OnlineOrderDetailsController.php(39): CodeIgniter\Model->insert([...])
 9 SYSTEMPATH\CodeIgniter.php(933): App\Controllers\OnlineOrderDetailsController->addOrUpdateOnlineOrderDetail()
10 SYSTEMPATH\CodeIgniter.php(509): CodeIgniter\CodeIgniter->runController(Object(App\Controllers\OnlineOrderDetailsController))
11 SYSTEMPATH\CodeIgniter.php(355): CodeIgniter\CodeIgniter->handleRequest(null, Object(Config\Cache), false)
12 SYSTEMPATH\Boot.php(325): CodeIgniter\CodeIgniter->run()
13 SYSTEMPATH\Boot.php(67): CodeIgniter\Boot::runCodeIgniter(Object(CodeIgniter\CodeIgniter))
14 FCPATH\index.php(64): CodeIgniter\Boot::bootWeb(Object(Config\Paths))
ERROR - 2024-09-23 03:47:14 --> mysqli_sql_exception: Cannot add or update a child row: a foreign key constraint fails (`aivr`.`online_order_details`, CONSTRAINT `online_order_details_online_order_id_foreign` FOREIGN KEY (`online_order_id`) REFERENCES `online_orders` (`id`) ON DELETE CASCADE ON UPDATE CASCADE) in E:\laragon\www\BE\system\Database\MySQLi\Connection.php:312
Stack trace:
#0 E:\laragon\www\BE\system\Database\MySQLi\Connection.php(312): mysqli->query('INSERT INTO `on...', 0)
#1 E:\laragon\www\BE\system\Database\BaseConnection.php(734): CodeIgniter\Database\MySQLi\Connection->execute('INSERT INTO `on...')
#2 E:\laragon\www\BE\system\Database\BaseConnection.php(648): CodeIgniter\Database\BaseConnection->simpleQuery('INSERT INTO `on...')
#3 E:\laragon\www\BE\system\Database\BaseBuilder.php(2340): CodeIgniter\Database\BaseConnection->query('INSERT INTO `on...', Array, false)
#4 E:\laragon\www\BE\system\Model.php(394): CodeIgniter\Database\BaseBuilder->insert()
#5 E:\laragon\www\BE\system\BaseModel.php(840): CodeIgniter\Model->doInsert(Array)
#6 E:\laragon\www\BE\system\Model.php(802): CodeIgniter\BaseModel->insert(Array, true)
#7 E:\laragon\www\BE\app\Controllers\OnlineOrderDetailsController.php(39): CodeIgniter\Model->insert(Array)
#8 E:\laragon\www\BE\system\CodeIgniter.php(933): App\Controllers\OnlineOrderDetailsController->addOrUpdateOnlineOrderDetail()
#9 E:\laragon\www\BE\system\CodeIgniter.php(509): CodeIgniter\CodeIgniter->runController(Object(App\Controllers\OnlineOrderDetailsController))
#10 E:\laragon\www\BE\system\CodeIgniter.php(355): CodeIgniter\CodeIgniter->handleRequest(NULL, Object(Config\Cache), false)
#11 E:\laragon\www\BE\system\Boot.php(325): CodeIgniter\CodeIgniter->run()
#12 E:\laragon\www\BE\system\Boot.php(67): CodeIgniter\Boot::runCodeIgniter(Object(CodeIgniter\CodeIgniter))
#13 E:\laragon\www\BE\public\index.php(64): CodeIgniter\Boot::bootWeb(Object(Config\Paths))
#14 {main}
CRITICAL - 2024-09-23 03:47:14 --> CodeIgniter\Database\Exceptions\DatabaseException: Cannot add or update a child row: a foreign key constraint fails (`aivr`.`online_order_details`, CONSTRAINT `online_order_details_online_order_id_foreign` FOREIGN KEY (`online_order_id`) REFERENCES `online_orders` (`id`) ON DELETE CASCADE ON UPDATE CASCADE)
[Method: POST, Route: add-or-update-online-order-detail]
in SYSTEMPATH\Database\BaseConnection.php on line 688.
 1 SYSTEMPATH\Database\BaseBuilder.php(2340): CodeIgniter\Database\BaseConnection->query('INSERT INTO `online_order_details` (`online_order_id`, `menu_item_id`, `quantity`, `subtotal`) VALUES (:online_order_id:, :menu_item_id:, :quantity:, :subtotal:)', [...], false)
 2 SYSTEMPATH\Model.php(394): CodeIgniter\Database\BaseBuilder->insert()
 3 SYSTEMPATH\BaseModel.php(840): CodeIgniter\Model->doInsert([...])
 4 SYSTEMPATH\Model.php(802): CodeIgniter\BaseModel->insert([...], true)
 5 APPPATH\Controllers\OnlineOrderDetailsController.php(39): CodeIgniter\Model->insert([...])
 6 SYSTEMPATH\CodeIgniter.php(933): App\Controllers\OnlineOrderDetailsController->addOrUpdateOnlineOrderDetail()
 7 SYSTEMPATH\CodeIgniter.php(509): CodeIgniter\CodeIgniter->runController(Object(App\Controllers\OnlineOrderDetailsController))
 8 SYSTEMPATH\CodeIgniter.php(355): CodeIgniter\CodeIgniter->handleRequest(null, Object(Config\Cache), false)
 9 SYSTEMPATH\Boot.php(325): CodeIgniter\CodeIgniter->run()
10 SYSTEMPATH\Boot.php(67): CodeIgniter\Boot::runCodeIgniter(Object(CodeIgniter\CodeIgniter))
11 FCPATH\index.php(64): CodeIgniter\Boot::bootWeb(Object(Config\Paths))
CRITICAL - 2024-09-23 03:47:14 --> [Caused by] CodeIgniter\Database\Exceptions\DatabaseException: Cannot add or update a child row: a foreign key constraint fails (`aivr`.`online_order_details`, CONSTRAINT `online_order_details_online_order_id_foreign` FOREIGN KEY (`online_order_id`) REFERENCES `online_orders` (`id`) ON DELETE CASCADE ON UPDATE CASCADE)
in SYSTEMPATH\Database\MySQLi\Connection.php on line 317.
 1 SYSTEMPATH\Database\BaseConnection.php(734): CodeIgniter\Database\MySQLi\Connection->execute('INSERT INTO `online_order_details` (`online_order_id`, `menu_item_id`, `quantity`, `subtotal`) VALUES (\'42\', \'11\', 1, \'15.00\')')
 2 SYSTEMPATH\Database\BaseConnection.php(648): CodeIgniter\Database\BaseConnection->simpleQuery('INSERT INTO `online_order_details` (`online_order_id`, `menu_item_id`, `quantity`, `subtotal`) VALUES (\'42\', \'11\', 1, \'15.00\')')
 3 SYSTEMPATH\Database\BaseBuilder.php(2340): CodeIgniter\Database\BaseConnection->query('INSERT INTO `online_order_details` (`online_order_id`, `menu_item_id`, `quantity`, `subtotal`) VALUES (:online_order_id:, :menu_item_id:, :quantity:, :subtotal:)', [...], false)
 4 SYSTEMPATH\Model.php(394): CodeIgniter\Database\BaseBuilder->insert()
 5 SYSTEMPATH\BaseModel.php(840): CodeIgniter\Model->doInsert([...])
 6 SYSTEMPATH\Model.php(802): CodeIgniter\BaseModel->insert([...], true)
 7 APPPATH\Controllers\OnlineOrderDetailsController.php(39): CodeIgniter\Model->insert([...])
 8 SYSTEMPATH\CodeIgniter.php(933): App\Controllers\OnlineOrderDetailsController->addOrUpdateOnlineOrderDetail()
 9 SYSTEMPATH\CodeIgniter.php(509): CodeIgniter\CodeIgniter->runController(Object(App\Controllers\OnlineOrderDetailsController))
10 SYSTEMPATH\CodeIgniter.php(355): CodeIgniter\CodeIgniter->handleRequest(null, Object(Config\Cache), false)
11 SYSTEMPATH\Boot.php(325): CodeIgniter\CodeIgniter->run()
12 SYSTEMPATH\Boot.php(67): CodeIgniter\Boot::runCodeIgniter(Object(CodeIgniter\CodeIgniter))
13 FCPATH\index.php(64): CodeIgniter\Boot::bootWeb(Object(Config\Paths))
CRITICAL - 2024-09-23 03:47:14 --> [Caused by] mysqli_sql_exception: Cannot add or update a child row: a foreign key constraint fails (`aivr`.`online_order_details`, CONSTRAINT `online_order_details_online_order_id_foreign` FOREIGN KEY (`online_order_id`) REFERENCES `online_orders` (`id`) ON DELETE CASCADE ON UPDATE CASCADE)
in SYSTEMPATH\Database\MySQLi\Connection.php on line 312.
 1 SYSTEMPATH\Database\MySQLi\Connection.php(312): mysqli->query('INSERT INTO `online_order_details` (`online_order_id`, `menu_item_id`, `quantity`, `subtotal`) VALUES (\'42\', \'11\', 1, \'15.00\')', 0)
 2 SYSTEMPATH\Database\BaseConnection.php(734): CodeIgniter\Database\MySQLi\Connection->execute('INSERT INTO `online_order_details` (`online_order_id`, `menu_item_id`, `quantity`, `subtotal`) VALUES (\'42\', \'11\', 1, \'15.00\')')
 3 SYSTEMPATH\Database\BaseConnection.php(648): CodeIgniter\Database\BaseConnection->simpleQuery('INSERT INTO `online_order_details` (`online_order_id`, `menu_item_id`, `quantity`, `subtotal`) VALUES (\'42\', \'11\', 1, \'15.00\')')
 4 SYSTEMPATH\Database\BaseBuilder.php(2340): CodeIgniter\Database\BaseConnection->query('INSERT INTO `online_order_details` (`online_order_id`, `menu_item_id`, `quantity`, `subtotal`) VALUES (:online_order_id:, :menu_item_id:, :quantity:, :subtotal:)', [...], false)
 5 SYSTEMPATH\Model.php(394): CodeIgniter\Database\BaseBuilder->insert()
 6 SYSTEMPATH\BaseModel.php(840): CodeIgniter\Model->doInsert([...])
 7 SYSTEMPATH\Model.php(802): CodeIgniter\BaseModel->insert([...], true)
 8 APPPATH\Controllers\OnlineOrderDetailsController.php(39): CodeIgniter\Model->insert([...])
 9 SYSTEMPATH\CodeIgniter.php(933): App\Controllers\OnlineOrderDetailsController->addOrUpdateOnlineOrderDetail()
10 SYSTEMPATH\CodeIgniter.php(509): CodeIgniter\CodeIgniter->runController(Object(App\Controllers\OnlineOrderDetailsController))
11 SYSTEMPATH\CodeIgniter.php(355): CodeIgniter\CodeIgniter->handleRequest(null, Object(Config\Cache), false)
12 SYSTEMPATH\Boot.php(325): CodeIgniter\CodeIgniter->run()
13 SYSTEMPATH\Boot.php(67): CodeIgniter\Boot::runCodeIgniter(Object(CodeIgniter\CodeIgniter))
14 FCPATH\index.php(64): CodeIgniter\Boot::bootWeb(Object(Config\Paths))
ERROR - 2024-09-23 03:47:14 --> mysqli_sql_exception: Cannot add or update a child row: a foreign key constraint fails (`aivr`.`online_order_details`, CONSTRAINT `online_order_details_online_order_id_foreign` FOREIGN KEY (`online_order_id`) REFERENCES `online_orders` (`id`) ON DELETE CASCADE ON UPDATE CASCADE) in E:\laragon\www\BE\system\Database\MySQLi\Connection.php:312
Stack trace:
#0 E:\laragon\www\BE\system\Database\MySQLi\Connection.php(312): mysqli->query('INSERT INTO `on...', 0)
#1 E:\laragon\www\BE\system\Database\BaseConnection.php(734): CodeIgniter\Database\MySQLi\Connection->execute('INSERT INTO `on...')
#2 E:\laragon\www\BE\system\Database\BaseConnection.php(648): CodeIgniter\Database\BaseConnection->simpleQuery('INSERT INTO `on...')
#3 E:\laragon\www\BE\system\Database\BaseBuilder.php(2340): CodeIgniter\Database\BaseConnection->query('INSERT INTO `on...', Array, false)
#4 E:\laragon\www\BE\system\Model.php(394): CodeIgniter\Database\BaseBuilder->insert()
#5 E:\laragon\www\BE\system\BaseModel.php(840): CodeIgniter\Model->doInsert(Array)
#6 E:\laragon\www\BE\system\Model.php(802): CodeIgniter\BaseModel->insert(Array, true)
#7 E:\laragon\www\BE\app\Controllers\OnlineOrderDetailsController.php(39): CodeIgniter\Model->insert(Array)
#8 E:\laragon\www\BE\system\CodeIgniter.php(933): App\Controllers\OnlineOrderDetailsController->addOrUpdateOnlineOrderDetail()
#9 E:\laragon\www\BE\system\CodeIgniter.php(509): CodeIgniter\CodeIgniter->runController(Object(App\Controllers\OnlineOrderDetailsController))
#10 E:\laragon\www\BE\system\CodeIgniter.php(355): CodeIgniter\CodeIgniter->handleRequest(NULL, Object(Config\Cache), false)
#11 E:\laragon\www\BE\system\Boot.php(325): CodeIgniter\CodeIgniter->run()
#12 E:\laragon\www\BE\system\Boot.php(67): CodeIgniter\Boot::runCodeIgniter(Object(CodeIgniter\CodeIgniter))
#13 E:\laragon\www\BE\public\index.php(64): CodeIgniter\Boot::bootWeb(Object(Config\Paths))
#14 {main}
CRITICAL - 2024-09-23 03:47:14 --> CodeIgniter\Database\Exceptions\DatabaseException: Cannot add or update a child row: a foreign key constraint fails (`aivr`.`online_order_details`, CONSTRAINT `online_order_details_online_order_id_foreign` FOREIGN KEY (`online_order_id`) REFERENCES `online_orders` (`id`) ON DELETE CASCADE ON UPDATE CASCADE)
[Method: POST, Route: add-or-update-online-order-detail]
in SYSTEMPATH\Database\BaseConnection.php on line 688.
 1 SYSTEMPATH\Database\BaseBuilder.php(2340): CodeIgniter\Database\BaseConnection->query('INSERT INTO `online_order_details` (`online_order_id`, `menu_item_id`, `quantity`, `subtotal`) VALUES (:online_order_id:, :menu_item_id:, :quantity:, :subtotal:)', [...], false)
 2 SYSTEMPATH\Model.php(394): CodeIgniter\Database\BaseBuilder->insert()
 3 SYSTEMPATH\BaseModel.php(840): CodeIgniter\Model->doInsert([...])
 4 SYSTEMPATH\Model.php(802): CodeIgniter\BaseModel->insert([...], true)
 5 APPPATH\Controllers\OnlineOrderDetailsController.php(39): CodeIgniter\Model->insert([...])
 6 SYSTEMPATH\CodeIgniter.php(933): App\Controllers\OnlineOrderDetailsController->addOrUpdateOnlineOrderDetail()
 7 SYSTEMPATH\CodeIgniter.php(509): CodeIgniter\CodeIgniter->runController(Object(App\Controllers\OnlineOrderDetailsController))
 8 SYSTEMPATH\CodeIgniter.php(355): CodeIgniter\CodeIgniter->handleRequest(null, Object(Config\Cache), false)
 9 SYSTEMPATH\Boot.php(325): CodeIgniter\CodeIgniter->run()
10 SYSTEMPATH\Boot.php(67): CodeIgniter\Boot::runCodeIgniter(Object(CodeIgniter\CodeIgniter))
11 FCPATH\index.php(64): CodeIgniter\Boot::bootWeb(Object(Config\Paths))
CRITICAL - 2024-09-23 03:47:14 --> [Caused by] CodeIgniter\Database\Exceptions\DatabaseException: Cannot add or update a child row: a foreign key constraint fails (`aivr`.`online_order_details`, CONSTRAINT `online_order_details_online_order_id_foreign` FOREIGN KEY (`online_order_id`) REFERENCES `online_orders` (`id`) ON DELETE CASCADE ON UPDATE CASCADE)
in SYSTEMPATH\Database\MySQLi\Connection.php on line 317.
 1 SYSTEMPATH\Database\BaseConnection.php(734): CodeIgniter\Database\MySQLi\Connection->execute('INSERT INTO `online_order_details` (`online_order_id`, `menu_item_id`, `quantity`, `subtotal`) VALUES (\'42\', \'11\', 1, \'15.00\')')
 2 SYSTEMPATH\Database\BaseConnection.php(648): CodeIgniter\Database\BaseConnection->simpleQuery('INSERT INTO `online_order_details` (`online_order_id`, `menu_item_id`, `quantity`, `subtotal`) VALUES (\'42\', \'11\', 1, \'15.00\')')
 3 SYSTEMPATH\Database\BaseBuilder.php(2340): CodeIgniter\Database\BaseConnection->query('INSERT INTO `online_order_details` (`online_order_id`, `menu_item_id`, `quantity`, `subtotal`) VALUES (:online_order_id:, :menu_item_id:, :quantity:, :subtotal:)', [...], false)
 4 SYSTEMPATH\Model.php(394): CodeIgniter\Database\BaseBuilder->insert()
 5 SYSTEMPATH\BaseModel.php(840): CodeIgniter\Model->doInsert([...])
 6 SYSTEMPATH\Model.php(802): CodeIgniter\BaseModel->insert([...], true)
 7 APPPATH\Controllers\OnlineOrderDetailsController.php(39): CodeIgniter\Model->insert([...])
 8 SYSTEMPATH\CodeIgniter.php(933): App\Controllers\OnlineOrderDetailsController->addOrUpdateOnlineOrderDetail()
 9 SYSTEMPATH\CodeIgniter.php(509): CodeIgniter\CodeIgniter->runController(Object(App\Controllers\OnlineOrderDetailsController))
10 SYSTEMPATH\CodeIgniter.php(355): CodeIgniter\CodeIgniter->handleRequest(null, Object(Config\Cache), false)
11 SYSTEMPATH\Boot.php(325): CodeIgniter\CodeIgniter->run()
12 SYSTEMPATH\Boot.php(67): CodeIgniter\Boot::runCodeIgniter(Object(CodeIgniter\CodeIgniter))
13 FCPATH\index.php(64): CodeIgniter\Boot::bootWeb(Object(Config\Paths))
CRITICAL - 2024-09-23 03:47:14 --> [Caused by] mysqli_sql_exception: Cannot add or update a child row: a foreign key constraint fails (`aivr`.`online_order_details`, CONSTRAINT `online_order_details_online_order_id_foreign` FOREIGN KEY (`online_order_id`) REFERENCES `online_orders` (`id`) ON DELETE CASCADE ON UPDATE CASCADE)
in SYSTEMPATH\Database\MySQLi\Connection.php on line 312.
 1 SYSTEMPATH\Database\MySQLi\Connection.php(312): mysqli->query('INSERT INTO `online_order_details` (`online_order_id`, `menu_item_id`, `quantity`, `subtotal`) VALUES (\'42\', \'11\', 1, \'15.00\')', 0)
 2 SYSTEMPATH\Database\BaseConnection.php(734): CodeIgniter\Database\MySQLi\Connection->execute('INSERT INTO `online_order_details` (`online_order_id`, `menu_item_id`, `quantity`, `subtotal`) VALUES (\'42\', \'11\', 1, \'15.00\')')
 3 SYSTEMPATH\Database\BaseConnection.php(648): CodeIgniter\Database\BaseConnection->simpleQuery('INSERT INTO `online_order_details` (`online_order_id`, `menu_item_id`, `quantity`, `subtotal`) VALUES (\'42\', \'11\', 1, \'15.00\')')
 4 SYSTEMPATH\Database\BaseBuilder.php(2340): CodeIgniter\Database\BaseConnection->query('INSERT INTO `online_order_details` (`online_order_id`, `menu_item_id`, `quantity`, `subtotal`) VALUES (:online_order_id:, :menu_item_id:, :quantity:, :subtotal:)', [...], false)
 5 SYSTEMPATH\Model.php(394): CodeIgniter\Database\BaseBuilder->insert()
 6 SYSTEMPATH\BaseModel.php(840): CodeIgniter\Model->doInsert([...])
 7 SYSTEMPATH\Model.php(802): CodeIgniter\BaseModel->insert([...], true)
 8 APPPATH\Controllers\OnlineOrderDetailsController.php(39): CodeIgniter\Model->insert([...])
 9 SYSTEMPATH\CodeIgniter.php(933): App\Controllers\OnlineOrderDetailsController->addOrUpdateOnlineOrderDetail()
10 SYSTEMPATH\CodeIgniter.php(509): CodeIgniter\CodeIgniter->runController(Object(App\Controllers\OnlineOrderDetailsController))
11 SYSTEMPATH\CodeIgniter.php(355): CodeIgniter\CodeIgniter->handleRequest(null, Object(Config\Cache), false)
12 SYSTEMPATH\Boot.php(325): CodeIgniter\CodeIgniter->run()
13 SYSTEMPATH\Boot.php(67): CodeIgniter\Boot::runCodeIgniter(Object(CodeIgniter\CodeIgniter))
14 FCPATH\index.php(64): CodeIgniter\Boot::bootWeb(Object(Config\Paths))
ERROR - 2024-09-23 03:47:14 --> mysqli_sql_exception: Cannot add or update a child row: a foreign key constraint fails (`aivr`.`online_order_details`, CONSTRAINT `online_order_details_online_order_id_foreign` FOREIGN KEY (`online_order_id`) REFERENCES `online_orders` (`id`) ON DELETE CASCADE ON UPDATE CASCADE) in E:\laragon\www\BE\system\Database\MySQLi\Connection.php:312
Stack trace:
#0 E:\laragon\www\BE\system\Database\MySQLi\Connection.php(312): mysqli->query('INSERT INTO `on...', 0)
#1 E:\laragon\www\BE\system\Database\BaseConnection.php(734): CodeIgniter\Database\MySQLi\Connection->execute('INSERT INTO `on...')
#2 E:\laragon\www\BE\system\Database\BaseConnection.php(648): CodeIgniter\Database\BaseConnection->simpleQuery('INSERT INTO `on...')
#3 E:\laragon\www\BE\system\Database\BaseBuilder.php(2340): CodeIgniter\Database\BaseConnection->query('INSERT INTO `on...', Array, false)
#4 E:\laragon\www\BE\system\Model.php(394): CodeIgniter\Database\BaseBuilder->insert()
#5 E:\laragon\www\BE\system\BaseModel.php(840): CodeIgniter\Model->doInsert(Array)
#6 E:\laragon\www\BE\system\Model.php(802): CodeIgniter\BaseModel->insert(Array, true)
#7 E:\laragon\www\BE\app\Controllers\OnlineOrderDetailsController.php(39): CodeIgniter\Model->insert(Array)
#8 E:\laragon\www\BE\system\CodeIgniter.php(933): App\Controllers\OnlineOrderDetailsController->addOrUpdateOnlineOrderDetail()
#9 E:\laragon\www\BE\system\CodeIgniter.php(509): CodeIgniter\CodeIgniter->runController(Object(App\Controllers\OnlineOrderDetailsController))
#10 E:\laragon\www\BE\system\CodeIgniter.php(355): CodeIgniter\CodeIgniter->handleRequest(NULL, Object(Config\Cache), false)
#11 E:\laragon\www\BE\system\Boot.php(325): CodeIgniter\CodeIgniter->run()
#12 E:\laragon\www\BE\system\Boot.php(67): CodeIgniter\Boot::runCodeIgniter(Object(CodeIgniter\CodeIgniter))
#13 E:\laragon\www\BE\public\index.php(64): CodeIgniter\Boot::bootWeb(Object(Config\Paths))
#14 {main}
CRITICAL - 2024-09-23 03:47:14 --> CodeIgniter\Database\Exceptions\DatabaseException: Cannot add or update a child row: a foreign key constraint fails (`aivr`.`online_order_details`, CONSTRAINT `online_order_details_online_order_id_foreign` FOREIGN KEY (`online_order_id`) REFERENCES `online_orders` (`id`) ON DELETE CASCADE ON UPDATE CASCADE)
[Method: POST, Route: add-or-update-online-order-detail]
in SYSTEMPATH\Database\BaseConnection.php on line 688.
 1 SYSTEMPATH\Database\BaseBuilder.php(2340): CodeIgniter\Database\BaseConnection->query('INSERT INTO `online_order_details` (`online_order_id`, `menu_item_id`, `quantity`, `subtotal`) VALUES (:online_order_id:, :menu_item_id:, :quantity:, :subtotal:)', [...], false)
 2 SYSTEMPATH\Model.php(394): CodeIgniter\Database\BaseBuilder->insert()
 3 SYSTEMPATH\BaseModel.php(840): CodeIgniter\Model->doInsert([...])
 4 SYSTEMPATH\Model.php(802): CodeIgniter\BaseModel->insert([...], true)
 5 APPPATH\Controllers\OnlineOrderDetailsController.php(39): CodeIgniter\Model->insert([...])
 6 SYSTEMPATH\CodeIgniter.php(933): App\Controllers\OnlineOrderDetailsController->addOrUpdateOnlineOrderDetail()
 7 SYSTEMPATH\CodeIgniter.php(509): CodeIgniter\CodeIgniter->runController(Object(App\Controllers\OnlineOrderDetailsController))
 8 SYSTEMPATH\CodeIgniter.php(355): CodeIgniter\CodeIgniter->handleRequest(null, Object(Config\Cache), false)
 9 SYSTEMPATH\Boot.php(325): CodeIgniter\CodeIgniter->run()
10 SYSTEMPATH\Boot.php(67): CodeIgniter\Boot::runCodeIgniter(Object(CodeIgniter\CodeIgniter))
11 FCPATH\index.php(64): CodeIgniter\Boot::bootWeb(Object(Config\Paths))
CRITICAL - 2024-09-23 03:47:14 --> [Caused by] CodeIgniter\Database\Exceptions\DatabaseException: Cannot add or update a child row: a foreign key constraint fails (`aivr`.`online_order_details`, CONSTRAINT `online_order_details_online_order_id_foreign` FOREIGN KEY (`online_order_id`) REFERENCES `online_orders` (`id`) ON DELETE CASCADE ON UPDATE CASCADE)
in SYSTEMPATH\Database\MySQLi\Connection.php on line 317.
 1 SYSTEMPATH\Database\BaseConnection.php(734): CodeIgniter\Database\MySQLi\Connection->execute('INSERT INTO `online_order_details` (`online_order_id`, `menu_item_id`, `quantity`, `subtotal`) VALUES (\'42\', \'11\', 1, \'15.00\')')
 2 SYSTEMPATH\Database\BaseConnection.php(648): CodeIgniter\Database\BaseConnection->simpleQuery('INSERT INTO `online_order_details` (`online_order_id`, `menu_item_id`, `quantity`, `subtotal`) VALUES (\'42\', \'11\', 1, \'15.00\')')
 3 SYSTEMPATH\Database\BaseBuilder.php(2340): CodeIgniter\Database\BaseConnection->query('INSERT INTO `online_order_details` (`online_order_id`, `menu_item_id`, `quantity`, `subtotal`) VALUES (:online_order_id:, :menu_item_id:, :quantity:, :subtotal:)', [...], false)
 4 SYSTEMPATH\Model.php(394): CodeIgniter\Database\BaseBuilder->insert()
 5 SYSTEMPATH\BaseModel.php(840): CodeIgniter\Model->doInsert([...])
 6 SYSTEMPATH\Model.php(802): CodeIgniter\BaseModel->insert([...], true)
 7 APPPATH\Controllers\OnlineOrderDetailsController.php(39): CodeIgniter\Model->insert([...])
 8 SYSTEMPATH\CodeIgniter.php(933): App\Controllers\OnlineOrderDetailsController->addOrUpdateOnlineOrderDetail()
 9 SYSTEMPATH\CodeIgniter.php(509): CodeIgniter\CodeIgniter->runController(Object(App\Controllers\OnlineOrderDetailsController))
10 SYSTEMPATH\CodeIgniter.php(355): CodeIgniter\CodeIgniter->handleRequest(null, Object(Config\Cache), false)
11 SYSTEMPATH\Boot.php(325): CodeIgniter\CodeIgniter->run()
12 SYSTEMPATH\Boot.php(67): CodeIgniter\Boot::runCodeIgniter(Object(CodeIgniter\CodeIgniter))
13 FCPATH\index.php(64): CodeIgniter\Boot::bootWeb(Object(Config\Paths))
CRITICAL - 2024-09-23 03:47:14 --> [Caused by] mysqli_sql_exception: Cannot add or update a child row: a foreign key constraint fails (`aivr`.`online_order_details`, CONSTRAINT `online_order_details_online_order_id_foreign` FOREIGN KEY (`online_order_id`) REFERENCES `online_orders` (`id`) ON DELETE CASCADE ON UPDATE CASCADE)
in SYSTEMPATH\Database\MySQLi\Connection.php on line 312.
 1 SYSTEMPATH\Database\MySQLi\Connection.php(312): mysqli->query('INSERT INTO `online_order_details` (`online_order_id`, `menu_item_id`, `quantity`, `subtotal`) VALUES (\'42\', \'11\', 1, \'15.00\')', 0)
 2 SYSTEMPATH\Database\BaseConnection.php(734): CodeIgniter\Database\MySQLi\Connection->execute('INSERT INTO `online_order_details` (`online_order_id`, `menu_item_id`, `quantity`, `subtotal`) VALUES (\'42\', \'11\', 1, \'15.00\')')
 3 SYSTEMPATH\Database\BaseConnection.php(648): CodeIgniter\Database\BaseConnection->simpleQuery('INSERT INTO `online_order_details` (`online_order_id`, `menu_item_id`, `quantity`, `subtotal`) VALUES (\'42\', \'11\', 1, \'15.00\')')
 4 SYSTEMPATH\Database\BaseBuilder.php(2340): CodeIgniter\Database\BaseConnection->query('INSERT INTO `online_order_details` (`online_order_id`, `menu_item_id`, `quantity`, `subtotal`) VALUES (:online_order_id:, :menu_item_id:, :quantity:, :subtotal:)', [...], false)
 5 SYSTEMPATH\Model.php(394): CodeIgniter\Database\BaseBuilder->insert()
 6 SYSTEMPATH\BaseModel.php(840): CodeIgniter\Model->doInsert([...])
 7 SYSTEMPATH\Model.php(802): CodeIgniter\BaseModel->insert([...], true)
 8 APPPATH\Controllers\OnlineOrderDetailsController.php(39): CodeIgniter\Model->insert([...])
 9 SYSTEMPATH\CodeIgniter.php(933): App\Controllers\OnlineOrderDetailsController->addOrUpdateOnlineOrderDetail()
10 SYSTEMPATH\CodeIgniter.php(509): CodeIgniter\CodeIgniter->runController(Object(App\Controllers\OnlineOrderDetailsController))
11 SYSTEMPATH\CodeIgniter.php(355): CodeIgniter\CodeIgniter->handleRequest(null, Object(Config\Cache), false)
12 SYSTEMPATH\Boot.php(325): CodeIgniter\CodeIgniter->run()
13 SYSTEMPATH\Boot.php(67): CodeIgniter\Boot::runCodeIgniter(Object(CodeIgniter\CodeIgniter))
14 FCPATH\index.php(64): CodeIgniter\Boot::bootWeb(Object(Config\Paths))
ERROR - 2024-09-23 03:47:23 --> mysqli_sql_exception: Cannot add or update a child row: a foreign key constraint fails (`aivr`.`online_order_details`, CONSTRAINT `online_order_details_online_order_id_foreign` FOREIGN KEY (`online_order_id`) REFERENCES `online_orders` (`id`) ON DELETE CASCADE ON UPDATE CASCADE) in E:\laragon\www\BE\system\Database\MySQLi\Connection.php:312
Stack trace:
#0 E:\laragon\www\BE\system\Database\MySQLi\Connection.php(312): mysqli->query('INSERT INTO `on...', 0)
#1 E:\laragon\www\BE\system\Database\BaseConnection.php(734): CodeIgniter\Database\MySQLi\Connection->execute('INSERT INTO `on...')
#2 E:\laragon\www\BE\system\Database\BaseConnection.php(648): CodeIgniter\Database\BaseConnection->simpleQuery('INSERT INTO `on...')
#3 E:\laragon\www\BE\system\Database\BaseBuilder.php(2340): CodeIgniter\Database\BaseConnection->query('INSERT INTO `on...', Array, false)
#4 E:\laragon\www\BE\system\Model.php(394): CodeIgniter\Database\BaseBuilder->insert()
#5 E:\laragon\www\BE\system\BaseModel.php(840): CodeIgniter\Model->doInsert(Array)
#6 E:\laragon\www\BE\system\Model.php(802): CodeIgniter\BaseModel->insert(Array, true)
#7 E:\laragon\www\BE\app\Controllers\OnlineOrderDetailsController.php(39): CodeIgniter\Model->insert(Array)
#8 E:\laragon\www\BE\system\CodeIgniter.php(933): App\Controllers\OnlineOrderDetailsController->addOrUpdateOnlineOrderDetail()
#9 E:\laragon\www\BE\system\CodeIgniter.php(509): CodeIgniter\CodeIgniter->runController(Object(App\Controllers\OnlineOrderDetailsController))
#10 E:\laragon\www\BE\system\CodeIgniter.php(355): CodeIgniter\CodeIgniter->handleRequest(NULL, Object(Config\Cache), false)
#11 E:\laragon\www\BE\system\Boot.php(325): CodeIgniter\CodeIgniter->run()
#12 E:\laragon\www\BE\system\Boot.php(67): CodeIgniter\Boot::runCodeIgniter(Object(CodeIgniter\CodeIgniter))
#13 E:\laragon\www\BE\public\index.php(64): CodeIgniter\Boot::bootWeb(Object(Config\Paths))
#14 {main}
CRITICAL - 2024-09-23 03:47:23 --> CodeIgniter\Database\Exceptions\DatabaseException: Cannot add or update a child row: a foreign key constraint fails (`aivr`.`online_order_details`, CONSTRAINT `online_order_details_online_order_id_foreign` FOREIGN KEY (`online_order_id`) REFERENCES `online_orders` (`id`) ON DELETE CASCADE ON UPDATE CASCADE)
[Method: POST, Route: add-or-update-online-order-detail]
in SYSTEMPATH\Database\BaseConnection.php on line 688.
 1 SYSTEMPATH\Database\BaseBuilder.php(2340): CodeIgniter\Database\BaseConnection->query('INSERT INTO `online_order_details` (`online_order_id`, `menu_item_id`, `quantity`, `subtotal`) VALUES (:online_order_id:, :menu_item_id:, :quantity:, :subtotal:)', [...], false)
 2 SYSTEMPATH\Model.php(394): CodeIgniter\Database\BaseBuilder->insert()
 3 SYSTEMPATH\BaseModel.php(840): CodeIgniter\Model->doInsert([...])
 4 SYSTEMPATH\Model.php(802): CodeIgniter\BaseModel->insert([...], true)
 5 APPPATH\Controllers\OnlineOrderDetailsController.php(39): CodeIgniter\Model->insert([...])
 6 SYSTEMPATH\CodeIgniter.php(933): App\Controllers\OnlineOrderDetailsController->addOrUpdateOnlineOrderDetail()
 7 SYSTEMPATH\CodeIgniter.php(509): CodeIgniter\CodeIgniter->runController(Object(App\Controllers\OnlineOrderDetailsController))
 8 SYSTEMPATH\CodeIgniter.php(355): CodeIgniter\CodeIgniter->handleRequest(null, Object(Config\Cache), false)
 9 SYSTEMPATH\Boot.php(325): CodeIgniter\CodeIgniter->run()
10 SYSTEMPATH\Boot.php(67): CodeIgniter\Boot::runCodeIgniter(Object(CodeIgniter\CodeIgniter))
11 FCPATH\index.php(64): CodeIgniter\Boot::bootWeb(Object(Config\Paths))
CRITICAL - 2024-09-23 03:47:23 --> [Caused by] CodeIgniter\Database\Exceptions\DatabaseException: Cannot add or update a child row: a foreign key constraint fails (`aivr`.`online_order_details`, CONSTRAINT `online_order_details_online_order_id_foreign` FOREIGN KEY (`online_order_id`) REFERENCES `online_orders` (`id`) ON DELETE CASCADE ON UPDATE CASCADE)
in SYSTEMPATH\Database\MySQLi\Connection.php on line 317.
 1 SYSTEMPATH\Database\BaseConnection.php(734): CodeIgniter\Database\MySQLi\Connection->execute('INSERT INTO `online_order_details` (`online_order_id`, `menu_item_id`, `quantity`, `subtotal`) VALUES (\'42\', \'1\', 1, \'180.00\')')
 2 SYSTEMPATH\Database\BaseConnection.php(648): CodeIgniter\Database\BaseConnection->simpleQuery('INSERT INTO `online_order_details` (`online_order_id`, `menu_item_id`, `quantity`, `subtotal`) VALUES (\'42\', \'1\', 1, \'180.00\')')
 3 SYSTEMPATH\Database\BaseBuilder.php(2340): CodeIgniter\Database\BaseConnection->query('INSERT INTO `online_order_details` (`online_order_id`, `menu_item_id`, `quantity`, `subtotal`) VALUES (:online_order_id:, :menu_item_id:, :quantity:, :subtotal:)', [...], false)
 4 SYSTEMPATH\Model.php(394): CodeIgniter\Database\BaseBuilder->insert()
 5 SYSTEMPATH\BaseModel.php(840): CodeIgniter\Model->doInsert([...])
 6 SYSTEMPATH\Model.php(802): CodeIgniter\BaseModel->insert([...], true)
 7 APPPATH\Controllers\OnlineOrderDetailsController.php(39): CodeIgniter\Model->insert([...])
 8 SYSTEMPATH\CodeIgniter.php(933): App\Controllers\OnlineOrderDetailsController->addOrUpdateOnlineOrderDetail()
 9 SYSTEMPATH\CodeIgniter.php(509): CodeIgniter\CodeIgniter->runController(Object(App\Controllers\OnlineOrderDetailsController))
10 SYSTEMPATH\CodeIgniter.php(355): CodeIgniter\CodeIgniter->handleRequest(null, Object(Config\Cache), false)
11 SYSTEMPATH\Boot.php(325): CodeIgniter\CodeIgniter->run()
12 SYSTEMPATH\Boot.php(67): CodeIgniter\Boot::runCodeIgniter(Object(CodeIgniter\CodeIgniter))
13 FCPATH\index.php(64): CodeIgniter\Boot::bootWeb(Object(Config\Paths))
CRITICAL - 2024-09-23 03:47:23 --> [Caused by] mysqli_sql_exception: Cannot add or update a child row: a foreign key constraint fails (`aivr`.`online_order_details`, CONSTRAINT `online_order_details_online_order_id_foreign` FOREIGN KEY (`online_order_id`) REFERENCES `online_orders` (`id`) ON DELETE CASCADE ON UPDATE CASCADE)
in SYSTEMPATH\Database\MySQLi\Connection.php on line 312.
 1 SYSTEMPATH\Database\MySQLi\Connection.php(312): mysqli->query('INSERT INTO `online_order_details` (`online_order_id`, `menu_item_id`, `quantity`, `subtotal`) VALUES (\'42\', \'1\', 1, \'180.00\')', 0)
 2 SYSTEMPATH\Database\BaseConnection.php(734): CodeIgniter\Database\MySQLi\Connection->execute('INSERT INTO `online_order_details` (`online_order_id`, `menu_item_id`, `quantity`, `subtotal`) VALUES (\'42\', \'1\', 1, \'180.00\')')
 3 SYSTEMPATH\Database\BaseConnection.php(648): CodeIgniter\Database\BaseConnection->simpleQuery('INSERT INTO `online_order_details` (`online_order_id`, `menu_item_id`, `quantity`, `subtotal`) VALUES (\'42\', \'1\', 1, \'180.00\')')
 4 SYSTEMPATH\Database\BaseBuilder.php(2340): CodeIgniter\Database\BaseConnection->query('INSERT INTO `online_order_details` (`online_order_id`, `menu_item_id`, `quantity`, `subtotal`) VALUES (:online_order_id:, :menu_item_id:, :quantity:, :subtotal:)', [...], false)
 5 SYSTEMPATH\Model.php(394): CodeIgniter\Database\BaseBuilder->insert()
 6 SYSTEMPATH\BaseModel.php(840): CodeIgniter\Model->doInsert([...])
 7 SYSTEMPATH\Model.php(802): CodeIgniter\BaseModel->insert([...], true)
 8 APPPATH\Controllers\OnlineOrderDetailsController.php(39): CodeIgniter\Model->insert([...])
 9 SYSTEMPATH\CodeIgniter.php(933): App\Controllers\OnlineOrderDetailsController->addOrUpdateOnlineOrderDetail()
10 SYSTEMPATH\CodeIgniter.php(509): CodeIgniter\CodeIgniter->runController(Object(App\Controllers\OnlineOrderDetailsController))
11 SYSTEMPATH\CodeIgniter.php(355): CodeIgniter\CodeIgniter->handleRequest(null, Object(Config\Cache), false)
12 SYSTEMPATH\Boot.php(325): CodeIgniter\CodeIgniter->run()
13 SYSTEMPATH\Boot.php(67): CodeIgniter\Boot::runCodeIgniter(Object(CodeIgniter\CodeIgniter))
14 FCPATH\index.php(64): CodeIgniter\Boot::bootWeb(Object(Config\Paths))
ERROR - 2024-09-23 03:47:48 --> mysqli_sql_exception: Cannot add or update a child row: a foreign key constraint fails (`aivr`.`online_order_details`, CONSTRAINT `online_order_details_online_order_id_foreign` FOREIGN KEY (`online_order_id`) REFERENCES `online_orders` (`id`) ON DELETE CASCADE ON UPDATE CASCADE) in E:\laragon\www\BE\system\Database\MySQLi\Connection.php:312
Stack trace:
#0 E:\laragon\www\BE\system\Database\MySQLi\Connection.php(312): mysqli->query('INSERT INTO `on...', 0)
#1 E:\laragon\www\BE\system\Database\BaseConnection.php(734): CodeIgniter\Database\MySQLi\Connection->execute('INSERT INTO `on...')
#2 E:\laragon\www\BE\system\Database\BaseConnection.php(648): CodeIgniter\Database\BaseConnection->simpleQuery('INSERT INTO `on...')
#3 E:\laragon\www\BE\system\Database\BaseBuilder.php(2340): CodeIgniter\Database\BaseConnection->query('INSERT INTO `on...', Array, false)
#4 E:\laragon\www\BE\system\Model.php(394): CodeIgniter\Database\BaseBuilder->insert()
#5 E:\laragon\www\BE\system\BaseModel.php(840): CodeIgniter\Model->doInsert(Array)
#6 E:\laragon\www\BE\system\Model.php(802): CodeIgniter\BaseModel->insert(Array, true)
#7 E:\laragon\www\BE\app\Controllers\OnlineOrderDetailsController.php(39): CodeIgniter\Model->insert(Array)
#8 E:\laragon\www\BE\system\CodeIgniter.php(933): App\Controllers\OnlineOrderDetailsController->addOrUpdateOnlineOrderDetail()
#9 E:\laragon\www\BE\system\CodeIgniter.php(509): CodeIgniter\CodeIgniter->runController(Object(App\Controllers\OnlineOrderDetailsController))
#10 E:\laragon\www\BE\system\CodeIgniter.php(355): CodeIgniter\CodeIgniter->handleRequest(NULL, Object(Config\Cache), false)
#11 E:\laragon\www\BE\system\Boot.php(325): CodeIgniter\CodeIgniter->run()
#12 E:\laragon\www\BE\system\Boot.php(67): CodeIgniter\Boot::runCodeIgniter(Object(CodeIgniter\CodeIgniter))
#13 E:\laragon\www\BE\public\index.php(64): CodeIgniter\Boot::bootWeb(Object(Config\Paths))
#14 {main}
CRITICAL - 2024-09-23 03:47:48 --> CodeIgniter\Database\Exceptions\DatabaseException: Cannot add or update a child row: a foreign key constraint fails (`aivr`.`online_order_details`, CONSTRAINT `online_order_details_online_order_id_foreign` FOREIGN KEY (`online_order_id`) REFERENCES `online_orders` (`id`) ON DELETE CASCADE ON UPDATE CASCADE)
[Method: POST, Route: add-or-update-online-order-detail]
in SYSTEMPATH\Database\BaseConnection.php on line 688.
 1 SYSTEMPATH\Database\BaseBuilder.php(2340): CodeIgniter\Database\BaseConnection->query('INSERT INTO `online_order_details` (`online_order_id`, `menu_item_id`, `quantity`, `subtotal`) VALUES (:online_order_id:, :menu_item_id:, :quantity:, :subtotal:)', [...], false)
 2 SYSTEMPATH\Model.php(394): CodeIgniter\Database\BaseBuilder->insert()
 3 SYSTEMPATH\BaseModel.php(840): CodeIgniter\Model->doInsert([...])
 4 SYSTEMPATH\Model.php(802): CodeIgniter\BaseModel->insert([...], true)
 5 APPPATH\Controllers\OnlineOrderDetailsController.php(39): CodeIgniter\Model->insert([...])
 6 SYSTEMPATH\CodeIgniter.php(933): App\Controllers\OnlineOrderDetailsController->addOrUpdateOnlineOrderDetail()
 7 SYSTEMPATH\CodeIgniter.php(509): CodeIgniter\CodeIgniter->runController(Object(App\Controllers\OnlineOrderDetailsController))
 8 SYSTEMPATH\CodeIgniter.php(355): CodeIgniter\CodeIgniter->handleRequest(null, Object(Config\Cache), false)
 9 SYSTEMPATH\Boot.php(325): CodeIgniter\CodeIgniter->run()
10 SYSTEMPATH\Boot.php(67): CodeIgniter\Boot::runCodeIgniter(Object(CodeIgniter\CodeIgniter))
11 FCPATH\index.php(64): CodeIgniter\Boot::bootWeb(Object(Config\Paths))
CRITICAL - 2024-09-23 03:47:48 --> [Caused by] CodeIgniter\Database\Exceptions\DatabaseException: Cannot add or update a child row: a foreign key constraint fails (`aivr`.`online_order_details`, CONSTRAINT `online_order_details_online_order_id_foreign` FOREIGN KEY (`online_order_id`) REFERENCES `online_orders` (`id`) ON DELETE CASCADE ON UPDATE CASCADE)
in SYSTEMPATH\Database\MySQLi\Connection.php on line 317.
 1 SYSTEMPATH\Database\BaseConnection.php(734): CodeIgniter\Database\MySQLi\Connection->execute('INSERT INTO `online_order_details` (`online_order_id`, `menu_item_id`, `quantity`, `subtotal`) VALUES (\'42\', \'1\', 1, \'180.00\')')
 2 SYSTEMPATH\Database\BaseConnection.php(648): CodeIgniter\Database\BaseConnection->simpleQuery('INSERT INTO `online_order_details` (`online_order_id`, `menu_item_id`, `quantity`, `subtotal`) VALUES (\'42\', \'1\', 1, \'180.00\')')
 3 SYSTEMPATH\Database\BaseBuilder.php(2340): CodeIgniter\Database\BaseConnection->query('INSERT INTO `online_order_details` (`online_order_id`, `menu_item_id`, `quantity`, `subtotal`) VALUES (:online_order_id:, :menu_item_id:, :quantity:, :subtotal:)', [...], false)
 4 SYSTEMPATH\Model.php(394): CodeIgniter\Database\BaseBuilder->insert()
 5 SYSTEMPATH\BaseModel.php(840): CodeIgniter\Model->doInsert([...])
 6 SYSTEMPATH\Model.php(802): CodeIgniter\BaseModel->insert([...], true)
 7 APPPATH\Controllers\OnlineOrderDetailsController.php(39): CodeIgniter\Model->insert([...])
 8 SYSTEMPATH\CodeIgniter.php(933): App\Controllers\OnlineOrderDetailsController->addOrUpdateOnlineOrderDetail()
 9 SYSTEMPATH\CodeIgniter.php(509): CodeIgniter\CodeIgniter->runController(Object(App\Controllers\OnlineOrderDetailsController))
10 SYSTEMPATH\CodeIgniter.php(355): CodeIgniter\CodeIgniter->handleRequest(null, Object(Config\Cache), false)
11 SYSTEMPATH\Boot.php(325): CodeIgniter\CodeIgniter->run()
12 SYSTEMPATH\Boot.php(67): CodeIgniter\Boot::runCodeIgniter(Object(CodeIgniter\CodeIgniter))
13 FCPATH\index.php(64): CodeIgniter\Boot::bootWeb(Object(Config\Paths))
CRITICAL - 2024-09-23 03:47:48 --> [Caused by] mysqli_sql_exception: Cannot add or update a child row: a foreign key constraint fails (`aivr`.`online_order_details`, CONSTRAINT `online_order_details_online_order_id_foreign` FOREIGN KEY (`online_order_id`) REFERENCES `online_orders` (`id`) ON DELETE CASCADE ON UPDATE CASCADE)
in SYSTEMPATH\Database\MySQLi\Connection.php on line 312.
 1 SYSTEMPATH\Database\MySQLi\Connection.php(312): mysqli->query('INSERT INTO `online_order_details` (`online_order_id`, `menu_item_id`, `quantity`, `subtotal`) VALUES (\'42\', \'1\', 1, \'180.00\')', 0)
 2 SYSTEMPATH\Database\BaseConnection.php(734): CodeIgniter\Database\MySQLi\Connection->execute('INSERT INTO `online_order_details` (`online_order_id`, `menu_item_id`, `quantity`, `subtotal`) VALUES (\'42\', \'1\', 1, \'180.00\')')
 3 SYSTEMPATH\Database\BaseConnection.php(648): CodeIgniter\Database\BaseConnection->simpleQuery('INSERT INTO `online_order_details` (`online_order_id`, `menu_item_id`, `quantity`, `subtotal`) VALUES (\'42\', \'1\', 1, \'180.00\')')
 4 SYSTEMPATH\Database\BaseBuilder.php(2340): CodeIgniter\Database\BaseConnection->query('INSERT INTO `online_order_details` (`online_order_id`, `menu_item_id`, `quantity`, `subtotal`) VALUES (:online_order_id:, :menu_item_id:, :quantity:, :subtotal:)', [...], false)
 5 SYSTEMPATH\Model.php(394): CodeIgniter\Database\BaseBuilder->insert()
 6 SYSTEMPATH\BaseModel.php(840): CodeIgniter\Model->doInsert([...])
 7 SYSTEMPATH\Model.php(802): CodeIgniter\BaseModel->insert([...], true)
 8 APPPATH\Controllers\OnlineOrderDetailsController.php(39): CodeIgniter\Model->insert([...])
 9 SYSTEMPATH\CodeIgniter.php(933): App\Controllers\OnlineOrderDetailsController->addOrUpdateOnlineOrderDetail()
10 SYSTEMPATH\CodeIgniter.php(509): CodeIgniter\CodeIgniter->runController(Object(App\Controllers\OnlineOrderDetailsController))
11 SYSTEMPATH\CodeIgniter.php(355): CodeIgniter\CodeIgniter->handleRequest(null, Object(Config\Cache), false)
12 SYSTEMPATH\Boot.php(325): CodeIgniter\CodeIgniter->run()
13 SYSTEMPATH\Boot.php(67): CodeIgniter\Boot::runCodeIgniter(Object(CodeIgniter\CodeIgniter))
14 FCPATH\index.php(64): CodeIgniter\Boot::bootWeb(Object(Config\Paths))
ERROR - 2024-09-23 03:47:54 --> mysqli_sql_exception: Cannot add or update a child row: a foreign key constraint fails (`aivr`.`online_order_details`, CONSTRAINT `online_order_details_online_order_id_foreign` FOREIGN KEY (`online_order_id`) REFERENCES `online_orders` (`id`) ON DELETE CASCADE ON UPDATE CASCADE) in E:\laragon\www\BE\system\Database\MySQLi\Connection.php:312
Stack trace:
#0 E:\laragon\www\BE\system\Database\MySQLi\Connection.php(312): mysqli->query('INSERT INTO `on...', 0)
#1 E:\laragon\www\BE\system\Database\BaseConnection.php(734): CodeIgniter\Database\MySQLi\Connection->execute('INSERT INTO `on...')
#2 E:\laragon\www\BE\system\Database\BaseConnection.php(648): CodeIgniter\Database\BaseConnection->simpleQuery('INSERT INTO `on...')
#3 E:\laragon\www\BE\system\Database\BaseBuilder.php(2340): CodeIgniter\Database\BaseConnection->query('INSERT INTO `on...', Array, false)
#4 E:\laragon\www\BE\system\Model.php(394): CodeIgniter\Database\BaseBuilder->insert()
#5 E:\laragon\www\BE\system\BaseModel.php(840): CodeIgniter\Model->doInsert(Array)
#6 E:\laragon\www\BE\system\Model.php(802): CodeIgniter\BaseModel->insert(Array, true)
#7 E:\laragon\www\BE\app\Controllers\OnlineOrderDetailsController.php(39): CodeIgniter\Model->insert(Array)
#8 E:\laragon\www\BE\system\CodeIgniter.php(933): App\Controllers\OnlineOrderDetailsController->addOrUpdateOnlineOrderDetail()
#9 E:\laragon\www\BE\system\CodeIgniter.php(509): CodeIgniter\CodeIgniter->runController(Object(App\Controllers\OnlineOrderDetailsController))
#10 E:\laragon\www\BE\system\CodeIgniter.php(355): CodeIgniter\CodeIgniter->handleRequest(NULL, Object(Config\Cache), false)
#11 E:\laragon\www\BE\system\Boot.php(325): CodeIgniter\CodeIgniter->run()
#12 E:\laragon\www\BE\system\Boot.php(67): CodeIgniter\Boot::runCodeIgniter(Object(CodeIgniter\CodeIgniter))
#13 E:\laragon\www\BE\public\index.php(64): CodeIgniter\Boot::bootWeb(Object(Config\Paths))
#14 {main}
CRITICAL - 2024-09-23 03:47:54 --> CodeIgniter\Database\Exceptions\DatabaseException: Cannot add or update a child row: a foreign key constraint fails (`aivr`.`online_order_details`, CONSTRAINT `online_order_details_online_order_id_foreign` FOREIGN KEY (`online_order_id`) REFERENCES `online_orders` (`id`) ON DELETE CASCADE ON UPDATE CASCADE)
[Method: POST, Route: add-or-update-online-order-detail]
in SYSTEMPATH\Database\BaseConnection.php on line 688.
 1 SYSTEMPATH\Database\BaseBuilder.php(2340): CodeIgniter\Database\BaseConnection->query('INSERT INTO `online_order_details` (`online_order_id`, `menu_item_id`, `quantity`, `subtotal`) VALUES (:online_order_id:, :menu_item_id:, :quantity:, :subtotal:)', [...], false)
 2 SYSTEMPATH\Model.php(394): CodeIgniter\Database\BaseBuilder->insert()
 3 SYSTEMPATH\BaseModel.php(840): CodeIgniter\Model->doInsert([...])
 4 SYSTEMPATH\Model.php(802): CodeIgniter\BaseModel->insert([...], true)
 5 APPPATH\Controllers\OnlineOrderDetailsController.php(39): CodeIgniter\Model->insert([...])
 6 SYSTEMPATH\CodeIgniter.php(933): App\Controllers\OnlineOrderDetailsController->addOrUpdateOnlineOrderDetail()
 7 SYSTEMPATH\CodeIgniter.php(509): CodeIgniter\CodeIgniter->runController(Object(App\Controllers\OnlineOrderDetailsController))
 8 SYSTEMPATH\CodeIgniter.php(355): CodeIgniter\CodeIgniter->handleRequest(null, Object(Config\Cache), false)
 9 SYSTEMPATH\Boot.php(325): CodeIgniter\CodeIgniter->run()
10 SYSTEMPATH\Boot.php(67): CodeIgniter\Boot::runCodeIgniter(Object(CodeIgniter\CodeIgniter))
11 FCPATH\index.php(64): CodeIgniter\Boot::bootWeb(Object(Config\Paths))
CRITICAL - 2024-09-23 03:47:54 --> [Caused by] CodeIgniter\Database\Exceptions\DatabaseException: Cannot add or update a child row: a foreign key constraint fails (`aivr`.`online_order_details`, CONSTRAINT `online_order_details_online_order_id_foreign` FOREIGN KEY (`online_order_id`) REFERENCES `online_orders` (`id`) ON DELETE CASCADE ON UPDATE CASCADE)
in SYSTEMPATH\Database\MySQLi\Connection.php on line 317.
 1 SYSTEMPATH\Database\BaseConnection.php(734): CodeIgniter\Database\MySQLi\Connection->execute('INSERT INTO `online_order_details` (`online_order_id`, `menu_item_id`, `quantity`, `subtotal`) VALUES (\'42\', \'1\', 1, \'180.00\')')
 2 SYSTEMPATH\Database\BaseConnection.php(648): CodeIgniter\Database\BaseConnection->simpleQuery('INSERT INTO `online_order_details` (`online_order_id`, `menu_item_id`, `quantity`, `subtotal`) VALUES (\'42\', \'1\', 1, \'180.00\')')
 3 SYSTEMPATH\Database\BaseBuilder.php(2340): CodeIgniter\Database\BaseConnection->query('INSERT INTO `online_order_details` (`online_order_id`, `menu_item_id`, `quantity`, `subtotal`) VALUES (:online_order_id:, :menu_item_id:, :quantity:, :subtotal:)', [...], false)
 4 SYSTEMPATH\Model.php(394): CodeIgniter\Database\BaseBuilder->insert()
 5 SYSTEMPATH\BaseModel.php(840): CodeIgniter\Model->doInsert([...])
 6 SYSTEMPATH\Model.php(802): CodeIgniter\BaseModel->insert([...], true)
 7 APPPATH\Controllers\OnlineOrderDetailsController.php(39): CodeIgniter\Model->insert([...])
 8 SYSTEMPATH\CodeIgniter.php(933): App\Controllers\OnlineOrderDetailsController->addOrUpdateOnlineOrderDetail()
 9 SYSTEMPATH\CodeIgniter.php(509): CodeIgniter\CodeIgniter->runController(Object(App\Controllers\OnlineOrderDetailsController))
10 SYSTEMPATH\CodeIgniter.php(355): CodeIgniter\CodeIgniter->handleRequest(null, Object(Config\Cache), false)
11 SYSTEMPATH\Boot.php(325): CodeIgniter\CodeIgniter->run()
12 SYSTEMPATH\Boot.php(67): CodeIgniter\Boot::runCodeIgniter(Object(CodeIgniter\CodeIgniter))
13 FCPATH\index.php(64): CodeIgniter\Boot::bootWeb(Object(Config\Paths))
CRITICAL - 2024-09-23 03:47:54 --> [Caused by] mysqli_sql_exception: Cannot add or update a child row: a foreign key constraint fails (`aivr`.`online_order_details`, CONSTRAINT `online_order_details_online_order_id_foreign` FOREIGN KEY (`online_order_id`) REFERENCES `online_orders` (`id`) ON DELETE CASCADE ON UPDATE CASCADE)
in SYSTEMPATH\Database\MySQLi\Connection.php on line 312.
 1 SYSTEMPATH\Database\MySQLi\Connection.php(312): mysqli->query('INSERT INTO `online_order_details` (`online_order_id`, `menu_item_id`, `quantity`, `subtotal`) VALUES (\'42\', \'1\', 1, \'180.00\')', 0)
 2 SYSTEMPATH\Database\BaseConnection.php(734): CodeIgniter\Database\MySQLi\Connection->execute('INSERT INTO `online_order_details` (`online_order_id`, `menu_item_id`, `quantity`, `subtotal`) VALUES (\'42\', \'1\', 1, \'180.00\')')
 3 SYSTEMPATH\Database\BaseConnection.php(648): CodeIgniter\Database\BaseConnection->simpleQuery('INSERT INTO `online_order_details` (`online_order_id`, `menu_item_id`, `quantity`, `subtotal`) VALUES (\'42\', \'1\', 1, \'180.00\')')
 4 SYSTEMPATH\Database\BaseBuilder.php(2340): CodeIgniter\Database\BaseConnection->query('INSERT INTO `online_order_details` (`online_order_id`, `menu_item_id`, `quantity`, `subtotal`) VALUES (:online_order_id:, :menu_item_id:, :quantity:, :subtotal:)', [...], false)
 5 SYSTEMPATH\Model.php(394): CodeIgniter\Database\BaseBuilder->insert()
 6 SYSTEMPATH\BaseModel.php(840): CodeIgniter\Model->doInsert([...])
 7 SYSTEMPATH\Model.php(802): CodeIgniter\BaseModel->insert([...], true)
 8 APPPATH\Controllers\OnlineOrderDetailsController.php(39): CodeIgniter\Model->insert([...])
 9 SYSTEMPATH\CodeIgniter.php(933): App\Controllers\OnlineOrderDetailsController->addOrUpdateOnlineOrderDetail()
10 SYSTEMPATH\CodeIgniter.php(509): CodeIgniter\CodeIgniter->runController(Object(App\Controllers\OnlineOrderDetailsController))
11 SYSTEMPATH\CodeIgniter.php(355): CodeIgniter\CodeIgniter->handleRequest(null, Object(Config\Cache), false)
12 SYSTEMPATH\Boot.php(325): CodeIgniter\CodeIgniter->run()
13 SYSTEMPATH\Boot.php(67): CodeIgniter\Boot::runCodeIgniter(Object(CodeIgniter\CodeIgniter))
14 FCPATH\index.php(64): CodeIgniter\Boot::bootWeb(Object(Config\Paths))
