ERROR - 2024-09-22 08:09:02 --> mysqli_sql_exception: Cannot add or update a child row: a foreign key constraint fails (`aivr`.`order_details`, CONSTRAINT `order_details_order_id_foreign` FOREIGN KEY (`order_id`) REFERENCES `orders` (`id`) ON DELETE CASCADE ON UPDATE CASCADE) in E:\laragon\www\BE\system\Database\MySQLi\Connection.php:312
Stack trace:
#0 E:\laragon\www\BE\system\Database\MySQLi\Connection.php(312): mysqli->query('INSERT INTO `or...', 0)
#1 E:\laragon\www\BE\system\Database\BaseConnection.php(734): CodeIgniter\Database\MySQLi\Connection->execute('INSERT INTO `or...')
#2 E:\laragon\www\BE\system\Database\BaseConnection.php(648): CodeIgniter\Database\BaseConnection->simpleQuery('INSERT INTO `or...')
#3 E:\laragon\www\BE\system\Database\BaseBuilder.php(2340): CodeIgniter\Database\BaseConnection->query('INSERT INTO `or...', Array, false)
#4 E:\laragon\www\BE\system\Model.php(394): CodeIgniter\Database\BaseBuilder->insert()
#5 E:\laragon\www\BE\system\BaseModel.php(840): CodeIgniter\Model->doInsert(Array)
#6 E:\laragon\www\BE\system\Model.php(802): CodeIgniter\BaseModel->insert(Array, true)
#7 E:\laragon\www\BE\app\Controllers\OrderDetailsController.php(77): CodeIgniter\Model->insert(Array)
#8 E:\laragon\www\BE\system\CodeIgniter.php(933): App\Controllers\OrderDetailsController->addOrUpdateOrderDetail()
#9 E:\laragon\www\BE\system\CodeIgniter.php(509): CodeIgniter\CodeIgniter->runController(Object(App\Controllers\OrderDetailsController))
#10 E:\laragon\www\BE\system\CodeIgniter.php(355): CodeIgniter\CodeIgniter->handleRequest(NULL, Object(Config\Cache), false)
#11 E:\laragon\www\BE\system\Boot.php(325): CodeIgniter\CodeIgniter->run()
#12 E:\laragon\www\BE\system\Boot.php(67): CodeIgniter\Boot::runCodeIgniter(Object(CodeIgniter\CodeIgniter))
#13 E:\laragon\www\BE\public\index.php(64): CodeIgniter\Boot::bootWeb(Object(Config\Paths))
#14 {main}
CRITICAL - 2024-09-22 08:09:02 --> CodeIgniter\Database\Exceptions\DatabaseException: Cannot add or update a child row: a foreign key constraint fails (`aivr`.`order_details`, CONSTRAINT `order_details_order_id_foreign` FOREIGN KEY (`order_id`) REFERENCES `orders` (`id`) ON DELETE CASCADE ON UPDATE CASCADE)
[Method: POST, Route: add-or-update-order-detail]
in SYSTEMPATH\Database\BaseConnection.php on line 688.
 1 SYSTEMPATH\Database\BaseBuilder.php(2340): CodeIgniter\Database\BaseConnection->query('INSERT INTO `order_details` (`order_id`, `menu_item_id`, `quantity`, `subtotal`) VALUES (:order_id:, :menu_item_id:, :quantity:, :subtotal:)', [...], false)
 2 SYSTEMPATH\Model.php(394): CodeIgniter\Database\BaseBuilder->insert()
 3 SYSTEMPATH\BaseModel.php(840): CodeIgniter\Model->doInsert([...])
 4 SYSTEMPATH\Model.php(802): CodeIgniter\BaseModel->insert([...], true)
 5 APPPATH\Controllers\OrderDetailsController.php(77): CodeIgniter\Model->insert([...])
 6 SYSTEMPATH\CodeIgniter.php(933): App\Controllers\OrderDetailsController->addOrUpdateOrderDetail()
 7 SYSTEMPATH\CodeIgniter.php(509): CodeIgniter\CodeIgniter->runController(Object(App\Controllers\OrderDetailsController))
 8 SYSTEMPATH\CodeIgniter.php(355): CodeIgniter\CodeIgniter->handleRequest(null, Object(Config\Cache), false)
 9 SYSTEMPATH\Boot.php(325): CodeIgniter\CodeIgniter->run()
10 SYSTEMPATH\Boot.php(67): CodeIgniter\Boot::runCodeIgniter(Object(CodeIgniter\CodeIgniter))
11 FCPATH\index.php(64): CodeIgniter\Boot::bootWeb(Object(Config\Paths))
CRITICAL - 2024-09-22 08:09:02 --> [Caused by] CodeIgniter\Database\Exceptions\DatabaseException: Cannot add or update a child row: a foreign key constraint fails (`aivr`.`order_details`, CONSTRAINT `order_details_order_id_foreign` FOREIGN KEY (`order_id`) REFERENCES `orders` (`id`) ON DELETE CASCADE ON UPDATE CASCADE)
in SYSTEMPATH\Database\MySQLi\Connection.php on line 317.
 1 SYSTEMPATH\Database\BaseConnection.php(734): CodeIgniter\Database\MySQLi\Connection->execute('INSERT INTO `order_details` (`order_id`, `menu_item_id`, `quantity`, `subtotal`) VALUES (\'50\', \'1\', 1, \'180.00\')')
 2 SYSTEMPATH\Database\BaseConnection.php(648): CodeIgniter\Database\BaseConnection->simpleQuery('INSERT INTO `order_details` (`order_id`, `menu_item_id`, `quantity`, `subtotal`) VALUES (\'50\', \'1\', 1, \'180.00\')')
 3 SYSTEMPATH\Database\BaseBuilder.php(2340): CodeIgniter\Database\BaseConnection->query('INSERT INTO `order_details` (`order_id`, `menu_item_id`, `quantity`, `subtotal`) VALUES (:order_id:, :menu_item_id:, :quantity:, :subtotal:)', [...], false)
 4 SYSTEMPATH\Model.php(394): CodeIgniter\Database\BaseBuilder->insert()
 5 SYSTEMPATH\BaseModel.php(840): CodeIgniter\Model->doInsert([...])
 6 SYSTEMPATH\Model.php(802): CodeIgniter\BaseModel->insert([...], true)
 7 APPPATH\Controllers\OrderDetailsController.php(77): CodeIgniter\Model->insert([...])
 8 SYSTEMPATH\CodeIgniter.php(933): App\Controllers\OrderDetailsController->addOrUpdateOrderDetail()
 9 SYSTEMPATH\CodeIgniter.php(509): CodeIgniter\CodeIgniter->runController(Object(App\Controllers\OrderDetailsController))
10 SYSTEMPATH\CodeIgniter.php(355): CodeIgniter\CodeIgniter->handleRequest(null, Object(Config\Cache), false)
11 SYSTEMPATH\Boot.php(325): CodeIgniter\CodeIgniter->run()
12 SYSTEMPATH\Boot.php(67): CodeIgniter\Boot::runCodeIgniter(Object(CodeIgniter\CodeIgniter))
13 FCPATH\index.php(64): CodeIgniter\Boot::bootWeb(Object(Config\Paths))
CRITICAL - 2024-09-22 08:09:02 --> [Caused by] mysqli_sql_exception: Cannot add or update a child row: a foreign key constraint fails (`aivr`.`order_details`, CONSTRAINT `order_details_order_id_foreign` FOREIGN KEY (`order_id`) REFERENCES `orders` (`id`) ON DELETE CASCADE ON UPDATE CASCADE)
in SYSTEMPATH\Database\MySQLi\Connection.php on line 312.
 1 SYSTEMPATH\Database\MySQLi\Connection.php(312): mysqli->query('INSERT INTO `order_details` (`order_id`, `menu_item_id`, `quantity`, `subtotal`) VALUES (\'50\', \'1\', 1, \'180.00\')', 0)
 2 SYSTEMPATH\Database\BaseConnection.php(734): CodeIgniter\Database\MySQLi\Connection->execute('INSERT INTO `order_details` (`order_id`, `menu_item_id`, `quantity`, `subtotal`) VALUES (\'50\', \'1\', 1, \'180.00\')')
 3 SYSTEMPATH\Database\BaseConnection.php(648): CodeIgniter\Database\BaseConnection->simpleQuery('INSERT INTO `order_details` (`order_id`, `menu_item_id`, `quantity`, `subtotal`) VALUES (\'50\', \'1\', 1, \'180.00\')')
 4 SYSTEMPATH\Database\BaseBuilder.php(2340): CodeIgniter\Database\BaseConnection->query('INSERT INTO `order_details` (`order_id`, `menu_item_id`, `quantity`, `subtotal`) VALUES (:order_id:, :menu_item_id:, :quantity:, :subtotal:)', [...], false)
 5 SYSTEMPATH\Model.php(394): CodeIgniter\Database\BaseBuilder->insert()
 6 SYSTEMPATH\BaseModel.php(840): CodeIgniter\Model->doInsert([...])
 7 SYSTEMPATH\Model.php(802): CodeIgniter\BaseModel->insert([...], true)
 8 APPPATH\Controllers\OrderDetailsController.php(77): CodeIgniter\Model->insert([...])
 9 SYSTEMPATH\CodeIgniter.php(933): App\Controllers\OrderDetailsController->addOrUpdateOrderDetail()
10 SYSTEMPATH\CodeIgniter.php(509): CodeIgniter\CodeIgniter->runController(Object(App\Controllers\OrderDetailsController))
11 SYSTEMPATH\CodeIgniter.php(355): CodeIgniter\CodeIgniter->handleRequest(null, Object(Config\Cache), false)
12 SYSTEMPATH\Boot.php(325): CodeIgniter\CodeIgniter->run()
13 SYSTEMPATH\Boot.php(67): CodeIgniter\Boot::runCodeIgniter(Object(CodeIgniter\CodeIgniter))
14 FCPATH\index.php(64): CodeIgniter\Boot::bootWeb(Object(Config\Paths))
ERROR - 2024-09-22 08:57:26 --> mysqli_sql_exception: Cannot add or update a child row: a foreign key constraint fails (`aivr`.`order_details`, CONSTRAINT `order_details_order_id_foreign` FOREIGN KEY (`order_id`) REFERENCES `orders` (`id`) ON DELETE CASCADE ON UPDATE CASCADE) in E:\laragon\www\BE\system\Database\MySQLi\Connection.php:312
Stack trace:
#0 E:\laragon\www\BE\system\Database\MySQLi\Connection.php(312): mysqli->query('INSERT INTO `or...', 0)
#1 E:\laragon\www\BE\system\Database\BaseConnection.php(734): CodeIgniter\Database\MySQLi\Connection->execute('INSERT INTO `or...')
#2 E:\laragon\www\BE\system\Database\BaseConnection.php(648): CodeIgniter\Database\BaseConnection->simpleQuery('INSERT INTO `or...')
#3 E:\laragon\www\BE\system\Database\BaseBuilder.php(2340): CodeIgniter\Database\BaseConnection->query('INSERT INTO `or...', Array, false)
#4 E:\laragon\www\BE\system\Model.php(394): CodeIgniter\Database\BaseBuilder->insert()
#5 E:\laragon\www\BE\system\BaseModel.php(840): CodeIgniter\Model->doInsert(Array)
#6 E:\laragon\www\BE\system\Model.php(802): CodeIgniter\BaseModel->insert(Array, true)
#7 E:\laragon\www\BE\app\Controllers\OrderDetailsController.php(77): CodeIgniter\Model->insert(Array)
#8 E:\laragon\www\BE\system\CodeIgniter.php(933): App\Controllers\OrderDetailsController->addOrUpdateOrderDetail()
#9 E:\laragon\www\BE\system\CodeIgniter.php(509): CodeIgniter\CodeIgniter->runController(Object(App\Controllers\OrderDetailsController))
#10 E:\laragon\www\BE\system\CodeIgniter.php(355): CodeIgniter\CodeIgniter->handleRequest(NULL, Object(Config\Cache), false)
#11 E:\laragon\www\BE\system\Boot.php(325): CodeIgniter\CodeIgniter->run()
#12 E:\laragon\www\BE\system\Boot.php(67): CodeIgniter\Boot::runCodeIgniter(Object(CodeIgniter\CodeIgniter))
#13 E:\laragon\www\BE\public\index.php(64): CodeIgniter\Boot::bootWeb(Object(Config\Paths))
#14 {main}
CRITICAL - 2024-09-22 08:57:26 --> CodeIgniter\Database\Exceptions\DatabaseException: Cannot add or update a child row: a foreign key constraint fails (`aivr`.`order_details`, CONSTRAINT `order_details_order_id_foreign` FOREIGN KEY (`order_id`) REFERENCES `orders` (`id`) ON DELETE CASCADE ON UPDATE CASCADE)
[Method: POST, Route: add-or-update-order-detail]
in SYSTEMPATH\Database\BaseConnection.php on line 688.
 1 SYSTEMPATH\Database\BaseBuilder.php(2340): CodeIgniter\Database\BaseConnection->query('INSERT INTO `order_details` (`order_id`, `menu_item_id`, `quantity`, `subtotal`) VALUES (:order_id:, :menu_item_id:, :quantity:, :subtotal:)', [...], false)
 2 SYSTEMPATH\Model.php(394): CodeIgniter\Database\BaseBuilder->insert()
 3 SYSTEMPATH\BaseModel.php(840): CodeIgniter\Model->doInsert([...])
 4 SYSTEMPATH\Model.php(802): CodeIgniter\BaseModel->insert([...], true)
 5 APPPATH\Controllers\OrderDetailsController.php(77): CodeIgniter\Model->insert([...])
 6 SYSTEMPATH\CodeIgniter.php(933): App\Controllers\OrderDetailsController->addOrUpdateOrderDetail()
 7 SYSTEMPATH\CodeIgniter.php(509): CodeIgniter\CodeIgniter->runController(Object(App\Controllers\OrderDetailsController))
 8 SYSTEMPATH\CodeIgniter.php(355): CodeIgniter\CodeIgniter->handleRequest(null, Object(Config\Cache), false)
 9 SYSTEMPATH\Boot.php(325): CodeIgniter\CodeIgniter->run()
10 SYSTEMPATH\Boot.php(67): CodeIgniter\Boot::runCodeIgniter(Object(CodeIgniter\CodeIgniter))
11 FCPATH\index.php(64): CodeIgniter\Boot::bootWeb(Object(Config\Paths))
CRITICAL - 2024-09-22 08:57:26 --> [Caused by] CodeIgniter\Database\Exceptions\DatabaseException: Cannot add or update a child row: a foreign key constraint fails (`aivr`.`order_details`, CONSTRAINT `order_details_order_id_foreign` FOREIGN KEY (`order_id`) REFERENCES `orders` (`id`) ON DELETE CASCADE ON UPDATE CASCADE)
in SYSTEMPATH\Database\MySQLi\Connection.php on line 317.
 1 SYSTEMPATH\Database\BaseConnection.php(734): CodeIgniter\Database\MySQLi\Connection->execute('INSERT INTO `order_details` (`order_id`, `menu_item_id`, `quantity`, `subtotal`) VALUES (\'50\', \'21\', 1, \'250.00\')')
 2 SYSTEMPATH\Database\BaseConnection.php(648): CodeIgniter\Database\BaseConnection->simpleQuery('INSERT INTO `order_details` (`order_id`, `menu_item_id`, `quantity`, `subtotal`) VALUES (\'50\', \'21\', 1, \'250.00\')')
 3 SYSTEMPATH\Database\BaseBuilder.php(2340): CodeIgniter\Database\BaseConnection->query('INSERT INTO `order_details` (`order_id`, `menu_item_id`, `quantity`, `subtotal`) VALUES (:order_id:, :menu_item_id:, :quantity:, :subtotal:)', [...], false)
 4 SYSTEMPATH\Model.php(394): CodeIgniter\Database\BaseBuilder->insert()
 5 SYSTEMPATH\BaseModel.php(840): CodeIgniter\Model->doInsert([...])
 6 SYSTEMPATH\Model.php(802): CodeIgniter\BaseModel->insert([...], true)
 7 APPPATH\Controllers\OrderDetailsController.php(77): CodeIgniter\Model->insert([...])
 8 SYSTEMPATH\CodeIgniter.php(933): App\Controllers\OrderDetailsController->addOrUpdateOrderDetail()
 9 SYSTEMPATH\CodeIgniter.php(509): CodeIgniter\CodeIgniter->runController(Object(App\Controllers\OrderDetailsController))
10 SYSTEMPATH\CodeIgniter.php(355): CodeIgniter\CodeIgniter->handleRequest(null, Object(Config\Cache), false)
11 SYSTEMPATH\Boot.php(325): CodeIgniter\CodeIgniter->run()
12 SYSTEMPATH\Boot.php(67): CodeIgniter\Boot::runCodeIgniter(Object(CodeIgniter\CodeIgniter))
13 FCPATH\index.php(64): CodeIgniter\Boot::bootWeb(Object(Config\Paths))
CRITICAL - 2024-09-22 08:57:26 --> [Caused by] mysqli_sql_exception: Cannot add or update a child row: a foreign key constraint fails (`aivr`.`order_details`, CONSTRAINT `order_details_order_id_foreign` FOREIGN KEY (`order_id`) REFERENCES `orders` (`id`) ON DELETE CASCADE ON UPDATE CASCADE)
in SYSTEMPATH\Database\MySQLi\Connection.php on line 312.
 1 SYSTEMPATH\Database\MySQLi\Connection.php(312): mysqli->query('INSERT INTO `order_details` (`order_id`, `menu_item_id`, `quantity`, `subtotal`) VALUES (\'50\', \'21\', 1, \'250.00\')', 0)
 2 SYSTEMPATH\Database\BaseConnection.php(734): CodeIgniter\Database\MySQLi\Connection->execute('INSERT INTO `order_details` (`order_id`, `menu_item_id`, `quantity`, `subtotal`) VALUES (\'50\', \'21\', 1, \'250.00\')')
 3 SYSTEMPATH\Database\BaseConnection.php(648): CodeIgniter\Database\BaseConnection->simpleQuery('INSERT INTO `order_details` (`order_id`, `menu_item_id`, `quantity`, `subtotal`) VALUES (\'50\', \'21\', 1, \'250.00\')')
 4 SYSTEMPATH\Database\BaseBuilder.php(2340): CodeIgniter\Database\BaseConnection->query('INSERT INTO `order_details` (`order_id`, `menu_item_id`, `quantity`, `subtotal`) VALUES (:order_id:, :menu_item_id:, :quantity:, :subtotal:)', [...], false)
 5 SYSTEMPATH\Model.php(394): CodeIgniter\Database\BaseBuilder->insert()
 6 SYSTEMPATH\BaseModel.php(840): CodeIgniter\Model->doInsert([...])
 7 SYSTEMPATH\Model.php(802): CodeIgniter\BaseModel->insert([...], true)
 8 APPPATH\Controllers\OrderDetailsController.php(77): CodeIgniter\Model->insert([...])
 9 SYSTEMPATH\CodeIgniter.php(933): App\Controllers\OrderDetailsController->addOrUpdateOrderDetail()
10 SYSTEMPATH\CodeIgniter.php(509): CodeIgniter\CodeIgniter->runController(Object(App\Controllers\OrderDetailsController))
11 SYSTEMPATH\CodeIgniter.php(355): CodeIgniter\CodeIgniter->handleRequest(null, Object(Config\Cache), false)
12 SYSTEMPATH\Boot.php(325): CodeIgniter\CodeIgniter->run()
13 SYSTEMPATH\Boot.php(67): CodeIgniter\Boot::runCodeIgniter(Object(CodeIgniter\CodeIgniter))
14 FCPATH\index.php(64): CodeIgniter\Boot::bootWeb(Object(Config\Paths))
ERROR - 2024-09-22 08:57:32 --> mysqli_sql_exception: Cannot add or update a child row: a foreign key constraint fails (`aivr`.`order_details`, CONSTRAINT `order_details_order_id_foreign` FOREIGN KEY (`order_id`) REFERENCES `orders` (`id`) ON DELETE CASCADE ON UPDATE CASCADE) in E:\laragon\www\BE\system\Database\MySQLi\Connection.php:312
Stack trace:
#0 E:\laragon\www\BE\system\Database\MySQLi\Connection.php(312): mysqli->query('INSERT INTO `or...', 0)
#1 E:\laragon\www\BE\system\Database\BaseConnection.php(734): CodeIgniter\Database\MySQLi\Connection->execute('INSERT INTO `or...')
#2 E:\laragon\www\BE\system\Database\BaseConnection.php(648): CodeIgniter\Database\BaseConnection->simpleQuery('INSERT INTO `or...')
#3 E:\laragon\www\BE\system\Database\BaseBuilder.php(2340): CodeIgniter\Database\BaseConnection->query('INSERT INTO `or...', Array, false)
#4 E:\laragon\www\BE\system\Model.php(394): CodeIgniter\Database\BaseBuilder->insert()
#5 E:\laragon\www\BE\system\BaseModel.php(840): CodeIgniter\Model->doInsert(Array)
#6 E:\laragon\www\BE\system\Model.php(802): CodeIgniter\BaseModel->insert(Array, true)
#7 E:\laragon\www\BE\app\Controllers\OrderDetailsController.php(77): CodeIgniter\Model->insert(Array)
#8 E:\laragon\www\BE\system\CodeIgniter.php(933): App\Controllers\OrderDetailsController->addOrUpdateOrderDetail()
#9 E:\laragon\www\BE\system\CodeIgniter.php(509): CodeIgniter\CodeIgniter->runController(Object(App\Controllers\OrderDetailsController))
#10 E:\laragon\www\BE\system\CodeIgniter.php(355): CodeIgniter\CodeIgniter->handleRequest(NULL, Object(Config\Cache), false)
#11 E:\laragon\www\BE\system\Boot.php(325): CodeIgniter\CodeIgniter->run()
#12 E:\laragon\www\BE\system\Boot.php(67): CodeIgniter\Boot::runCodeIgniter(Object(CodeIgniter\CodeIgniter))
#13 E:\laragon\www\BE\public\index.php(64): CodeIgniter\Boot::bootWeb(Object(Config\Paths))
#14 {main}
CRITICAL - 2024-09-22 08:57:32 --> CodeIgniter\Database\Exceptions\DatabaseException: Cannot add or update a child row: a foreign key constraint fails (`aivr`.`order_details`, CONSTRAINT `order_details_order_id_foreign` FOREIGN KEY (`order_id`) REFERENCES `orders` (`id`) ON DELETE CASCADE ON UPDATE CASCADE)
[Method: POST, Route: add-or-update-order-detail]
in SYSTEMPATH\Database\BaseConnection.php on line 688.
 1 SYSTEMPATH\Database\BaseBuilder.php(2340): CodeIgniter\Database\BaseConnection->query('INSERT INTO `order_details` (`order_id`, `menu_item_id`, `quantity`, `subtotal`) VALUES (:order_id:, :menu_item_id:, :quantity:, :subtotal:)', [...], false)
 2 SYSTEMPATH\Model.php(394): CodeIgniter\Database\BaseBuilder->insert()
 3 SYSTEMPATH\BaseModel.php(840): CodeIgniter\Model->doInsert([...])
 4 SYSTEMPATH\Model.php(802): CodeIgniter\BaseModel->insert([...], true)
 5 APPPATH\Controllers\OrderDetailsController.php(77): CodeIgniter\Model->insert([...])
 6 SYSTEMPATH\CodeIgniter.php(933): App\Controllers\OrderDetailsController->addOrUpdateOrderDetail()
 7 SYSTEMPATH\CodeIgniter.php(509): CodeIgniter\CodeIgniter->runController(Object(App\Controllers\OrderDetailsController))
 8 SYSTEMPATH\CodeIgniter.php(355): CodeIgniter\CodeIgniter->handleRequest(null, Object(Config\Cache), false)
 9 SYSTEMPATH\Boot.php(325): CodeIgniter\CodeIgniter->run()
10 SYSTEMPATH\Boot.php(67): CodeIgniter\Boot::runCodeIgniter(Object(CodeIgniter\CodeIgniter))
11 FCPATH\index.php(64): CodeIgniter\Boot::bootWeb(Object(Config\Paths))
CRITICAL - 2024-09-22 08:57:32 --> [Caused by] CodeIgniter\Database\Exceptions\DatabaseException: Cannot add or update a child row: a foreign key constraint fails (`aivr`.`order_details`, CONSTRAINT `order_details_order_id_foreign` FOREIGN KEY (`order_id`) REFERENCES `orders` (`id`) ON DELETE CASCADE ON UPDATE CASCADE)
in SYSTEMPATH\Database\MySQLi\Connection.php on line 317.
 1 SYSTEMPATH\Database\BaseConnection.php(734): CodeIgniter\Database\MySQLi\Connection->execute('INSERT INTO `order_details` (`order_id`, `menu_item_id`, `quantity`, `subtotal`) VALUES (\'50\', \'3\', 1, \'85.00\')')
 2 SYSTEMPATH\Database\BaseConnection.php(648): CodeIgniter\Database\BaseConnection->simpleQuery('INSERT INTO `order_details` (`order_id`, `menu_item_id`, `quantity`, `subtotal`) VALUES (\'50\', \'3\', 1, \'85.00\')')
 3 SYSTEMPATH\Database\BaseBuilder.php(2340): CodeIgniter\Database\BaseConnection->query('INSERT INTO `order_details` (`order_id`, `menu_item_id`, `quantity`, `subtotal`) VALUES (:order_id:, :menu_item_id:, :quantity:, :subtotal:)', [...], false)
 4 SYSTEMPATH\Model.php(394): CodeIgniter\Database\BaseBuilder->insert()
 5 SYSTEMPATH\BaseModel.php(840): CodeIgniter\Model->doInsert([...])
 6 SYSTEMPATH\Model.php(802): CodeIgniter\BaseModel->insert([...], true)
 7 APPPATH\Controllers\OrderDetailsController.php(77): CodeIgniter\Model->insert([...])
 8 SYSTEMPATH\CodeIgniter.php(933): App\Controllers\OrderDetailsController->addOrUpdateOrderDetail()
 9 SYSTEMPATH\CodeIgniter.php(509): CodeIgniter\CodeIgniter->runController(Object(App\Controllers\OrderDetailsController))
10 SYSTEMPATH\CodeIgniter.php(355): CodeIgniter\CodeIgniter->handleRequest(null, Object(Config\Cache), false)
11 SYSTEMPATH\Boot.php(325): CodeIgniter\CodeIgniter->run()
12 SYSTEMPATH\Boot.php(67): CodeIgniter\Boot::runCodeIgniter(Object(CodeIgniter\CodeIgniter))
13 FCPATH\index.php(64): CodeIgniter\Boot::bootWeb(Object(Config\Paths))
CRITICAL - 2024-09-22 08:57:32 --> [Caused by] mysqli_sql_exception: Cannot add or update a child row: a foreign key constraint fails (`aivr`.`order_details`, CONSTRAINT `order_details_order_id_foreign` FOREIGN KEY (`order_id`) REFERENCES `orders` (`id`) ON DELETE CASCADE ON UPDATE CASCADE)
in SYSTEMPATH\Database\MySQLi\Connection.php on line 312.
 1 SYSTEMPATH\Database\MySQLi\Connection.php(312): mysqli->query('INSERT INTO `order_details` (`order_id`, `menu_item_id`, `quantity`, `subtotal`) VALUES (\'50\', \'3\', 1, \'85.00\')', 0)
 2 SYSTEMPATH\Database\BaseConnection.php(734): CodeIgniter\Database\MySQLi\Connection->execute('INSERT INTO `order_details` (`order_id`, `menu_item_id`, `quantity`, `subtotal`) VALUES (\'50\', \'3\', 1, \'85.00\')')
 3 SYSTEMPATH\Database\BaseConnection.php(648): CodeIgniter\Database\BaseConnection->simpleQuery('INSERT INTO `order_details` (`order_id`, `menu_item_id`, `quantity`, `subtotal`) VALUES (\'50\', \'3\', 1, \'85.00\')')
 4 SYSTEMPATH\Database\BaseBuilder.php(2340): CodeIgniter\Database\BaseConnection->query('INSERT INTO `order_details` (`order_id`, `menu_item_id`, `quantity`, `subtotal`) VALUES (:order_id:, :menu_item_id:, :quantity:, :subtotal:)', [...], false)
 5 SYSTEMPATH\Model.php(394): CodeIgniter\Database\BaseBuilder->insert()
 6 SYSTEMPATH\BaseModel.php(840): CodeIgniter\Model->doInsert([...])
 7 SYSTEMPATH\Model.php(802): CodeIgniter\BaseModel->insert([...], true)
 8 APPPATH\Controllers\OrderDetailsController.php(77): CodeIgniter\Model->insert([...])
 9 SYSTEMPATH\CodeIgniter.php(933): App\Controllers\OrderDetailsController->addOrUpdateOrderDetail()
10 SYSTEMPATH\CodeIgniter.php(509): CodeIgniter\CodeIgniter->runController(Object(App\Controllers\OrderDetailsController))
11 SYSTEMPATH\CodeIgniter.php(355): CodeIgniter\CodeIgniter->handleRequest(null, Object(Config\Cache), false)
12 SYSTEMPATH\Boot.php(325): CodeIgniter\CodeIgniter->run()
13 SYSTEMPATH\Boot.php(67): CodeIgniter\Boot::runCodeIgniter(Object(CodeIgniter\CodeIgniter))
14 FCPATH\index.php(64): CodeIgniter\Boot::bootWeb(Object(Config\Paths))
ERROR - 2024-09-22 09:05:18 --> mysqli_sql_exception: Duplicate column name 'status' in E:\laragon\www\BE\system\Database\MySQLi\Connection.php:312
Stack trace:
#0 E:\laragon\www\BE\system\Database\MySQLi\Connection.php(312): mysqli->query('ALTER TABLE `or...', 0)
#1 E:\laragon\www\BE\system\Database\BaseConnection.php(734): CodeIgniter\Database\MySQLi\Connection->execute('ALTER TABLE `or...')
#2 E:\laragon\www\BE\system\Database\BaseConnection.php(648): CodeIgniter\Database\BaseConnection->simpleQuery('ALTER TABLE `or...')
#3 E:\laragon\www\BE\system\Database\Forge.php(772): CodeIgniter\Database\BaseConnection->query('ALTER TABLE `or...')
#4 E:\laragon\www\BE\app\Database\Migrations\2024-09-22-090506_AddStatusToOrders.php(20): CodeIgniter\Database\Forge->addColumn('orders', Array)
#5 E:\laragon\www\BE\system\Database\MigrationRunner.php(867): App\Database\Migrations\AddStatusToOrders->up()
#6 E:\laragon\www\BE\system\Database\MigrationRunner.php(183): CodeIgniter\Database\MigrationRunner->migrate('up', Object(stdClass))
#7 E:\laragon\www\BE\system\Commands\Database\Migrate.php(85): CodeIgniter\Database\MigrationRunner->latest(NULL)
#8 E:\laragon\www\BE\system\CLI\Commands.php(70): CodeIgniter\Commands\Database\Migrate->run(Array)
#9 E:\laragon\www\BE\system\CLI\Console.php(48): CodeIgniter\CLI\Commands->run('migrate', Array)
#10 E:\laragon\www\BE\system\Boot.php(351): CodeIgniter\CLI\Console->run()
#11 E:\laragon\www\BE\system\Boot.php(104): CodeIgniter\Boot::runCommand(Object(CodeIgniter\CLI\Console))
#12 E:\laragon\www\BE\spark(84): CodeIgniter\Boot::bootSpark(Object(Config\Paths))
#13 {main}
ERROR - 2024-09-22 09:14:46 --> mysqli_sql_exception: Can't DROP 'completed'; check that column/key exists in E:\laragon\www\BE\system\Database\MySQLi\Connection.php:312
Stack trace:
#0 E:\laragon\www\BE\system\Database\MySQLi\Connection.php(312): mysqli->query('ALTER TABLE `or...', 0)
#1 E:\laragon\www\BE\system\Database\BaseConnection.php(734): CodeIgniter\Database\MySQLi\Connection->execute('ALTER TABLE `or...')
#2 E:\laragon\www\BE\system\Database\BaseConnection.php(648): CodeIgniter\Database\BaseConnection->simpleQuery('ALTER TABLE `or...')
#3 E:\laragon\www\BE\system\Database\Forge.php(799): CodeIgniter\Database\BaseConnection->query('ALTER TABLE `or...')
#4 E:\laragon\www\BE\app\Database\Migrations\2024-09-22-091343_AddServedColumnToOrders.php(25): CodeIgniter\Database\Forge->dropColumn('orders', 'completed')
#5 E:\laragon\www\BE\system\Database\MigrationRunner.php(867): App\Database\Migrations\AddServedColumnToOrders->down()
#6 E:\laragon\www\BE\system\Database\MigrationRunner.php(290): CodeIgniter\Database\MigrationRunner->migrate('down', Object(stdClass))
#7 E:\laragon\www\BE\system\Commands\Database\MigrateRollback.php(101): CodeIgniter\Database\MigrationRunner->regress(4)
#8 E:\laragon\www\BE\system\CLI\Commands.php(70): CodeIgniter\Commands\Database\MigrateRollback->run(Array)
#9 E:\laragon\www\BE\system\CLI\Console.php(48): CodeIgniter\CLI\Commands->run('migrate:rollbac...', Array)
#10 E:\laragon\www\BE\system\Boot.php(351): CodeIgniter\CLI\Console->run()
#11 E:\laragon\www\BE\system\Boot.php(104): CodeIgniter\Boot::runCommand(Object(CodeIgniter\CLI\Console))
#12 E:\laragon\www\BE\spark(84): CodeIgniter\Boot::bootSpark(Object(Config\Paths))
#13 {main}
