ERROR - 2024-09-20 12:38:42 --> mysqli_sql_exception: Cannot add or update a child row: a foreign key constraint fails (`aivr`.`online_order_details`, CONSTRAINT `online_order_details_online_order_id_foreign` FOREIGN KEY (`online_order_id`) REFERENCES `online_orders` (`id`) ON DELETE CASCADE ON UPDATE CASCADE) in E:\laragon\www\BE\system\Database\MySQLi\Connection.php:312
Stack trace:
#0 E:\laragon\www\BE\system\Database\MySQLi\Connection.php(312): mysqli->query('INSERT INTO `on...', 0)
#1 E:\laragon\www\BE\system\Database\BaseConnection.php(734): CodeIgniter\Database\MySQLi\Connection->execute('INSERT INTO `on...')
#2 E:\laragon\www\BE\system\Database\BaseConnection.php(648): CodeIgniter\Database\BaseConnection->simpleQuery('INSERT INTO `on...')
#3 E:\laragon\www\BE\system\Database\BaseBuilder.php(2340): CodeIgniter\Database\BaseConnection->query('INSERT INTO `on...', Array, false)
#4 E:\laragon\www\BE\system\Model.php(394): CodeIgniter\Database\BaseBuilder->insert()
#5 E:\laragon\www\BE\system\BaseModel.php(840): CodeIgniter\Model->doInsert(Array)
#6 E:\laragon\www\BE\system\Model.php(802): CodeIgniter\BaseModel->insert(Array, true)
#7 E:\laragon\www\BE\app\Controllers\OnlineOrderDetailsController.php(39): CodeIgniter\Model->insert(Array)
#8 E:\laragon\www\BE\system\CodeIgniter.php(933): App\Controllers\OnlineOrderDetailsController->addOrUpdateOnlineOrderDetail()
#9 E:\laragon\www\BE\system\CodeIgniter.php(509): CodeIgniter\CodeIgniter->runController(Object(App\Controllers\OnlineOrderDetailsController))
#10 E:\laragon\www\BE\system\CodeIgniter.php(355): CodeIgniter\CodeIgniter->handleRequest(NULL, Object(Config\Cache), false)
#11 E:\laragon\www\BE\system\Boot.php(325): CodeIgniter\CodeIgniter->run()
#12 E:\laragon\www\BE\system\Boot.php(67): CodeIgniter\Boot::runCodeIgniter(Object(CodeIgniter\CodeIgniter))
#13 E:\laragon\www\BE\public\index.php(64): CodeIgniter\Boot::bootWeb(Object(Config\Paths))
#14 {main}
CRITICAL - 2024-09-20 12:38:42 --> CodeIgniter\Database\Exceptions\DatabaseException: Cannot add or update a child row: a foreign key constraint fails (`aivr`.`online_order_details`, CONSTRAINT `online_order_details_online_order_id_foreign` FOREIGN KEY (`online_order_id`) REFERENCES `online_orders` (`id`) ON DELETE CASCADE ON UPDATE CASCADE)
[Method: POST, Route: add-or-update-online-order-detail]
in SYSTEMPATH\Database\BaseConnection.php on line 688.
 1 SYSTEMPATH\Database\BaseBuilder.php(2340): CodeIgniter\Database\BaseConnection->query('INSERT INTO `online_order_details` (`online_order_id`, `menu_item_id`, `quantity`, `subtotal`) VALUES (:online_order_id:, :menu_item_id:, :quantity:, :subtotal:)', [...], false)
 2 SYSTEMPATH\Model.php(394): CodeIgniter\Database\BaseBuilder->insert()
 3 SYSTEMPATH\BaseModel.php(840): CodeIgniter\Model->doInsert([...])
 4 SYSTEMPATH\Model.php(802): CodeIgniter\BaseModel->insert([...], true)
 5 APPPATH\Controllers\OnlineOrderDetailsController.php(39): CodeIgniter\Model->insert([...])
 6 SYSTEMPATH\CodeIgniter.php(933): App\Controllers\OnlineOrderDetailsController->addOrUpdateOnlineOrderDetail()
 7 SYSTEMPATH\CodeIgniter.php(509): CodeIgniter\CodeIgniter->runController(Object(App\Controllers\OnlineOrderDetailsController))
 8 SYSTEMPATH\CodeIgniter.php(355): CodeIgniter\CodeIgniter->handleRequest(null, Object(Config\Cache), false)
 9 SYSTEMPATH\Boot.php(325): CodeIgniter\CodeIgniter->run()
10 SYSTEMPATH\Boot.php(67): CodeIgniter\Boot::runCodeIgniter(Object(CodeIgniter\CodeIgniter))
11 FCPATH\index.php(64): CodeIgniter\Boot::bootWeb(Object(Config\Paths))
CRITICAL - 2024-09-20 12:38:42 --> [Caused by] CodeIgniter\Database\Exceptions\DatabaseException: Cannot add or update a child row: a foreign key constraint fails (`aivr`.`online_order_details`, CONSTRAINT `online_order_details_online_order_id_foreign` FOREIGN KEY (`online_order_id`) REFERENCES `online_orders` (`id`) ON DELETE CASCADE ON UPDATE CASCADE)
in SYSTEMPATH\Database\MySQLi\Connection.php on line 317.
 1 SYSTEMPATH\Database\BaseConnection.php(734): CodeIgniter\Database\MySQLi\Connection->execute('INSERT INTO `online_order_details` (`online_order_id`, `menu_item_id`, `quantity`, `subtotal`) VALUES (\'44\', \'1\', 1, \'180.00\')')
 2 SYSTEMPATH\Database\BaseConnection.php(648): CodeIgniter\Database\BaseConnection->simpleQuery('INSERT INTO `online_order_details` (`online_order_id`, `menu_item_id`, `quantity`, `subtotal`) VALUES (\'44\', \'1\', 1, \'180.00\')')
 3 SYSTEMPATH\Database\BaseBuilder.php(2340): CodeIgniter\Database\BaseConnection->query('INSERT INTO `online_order_details` (`online_order_id`, `menu_item_id`, `quantity`, `subtotal`) VALUES (:online_order_id:, :menu_item_id:, :quantity:, :subtotal:)', [...], false)
 4 SYSTEMPATH\Model.php(394): CodeIgniter\Database\BaseBuilder->insert()
 5 SYSTEMPATH\BaseModel.php(840): CodeIgniter\Model->doInsert([...])
 6 SYSTEMPATH\Model.php(802): CodeIgniter\BaseModel->insert([...], true)
 7 APPPATH\Controllers\OnlineOrderDetailsController.php(39): CodeIgniter\Model->insert([...])
 8 SYSTEMPATH\CodeIgniter.php(933): App\Controllers\OnlineOrderDetailsController->addOrUpdateOnlineOrderDetail()
 9 SYSTEMPATH\CodeIgniter.php(509): CodeIgniter\CodeIgniter->runController(Object(App\Controllers\OnlineOrderDetailsController))
10 SYSTEMPATH\CodeIgniter.php(355): CodeIgniter\CodeIgniter->handleRequest(null, Object(Config\Cache), false)
11 SYSTEMPATH\Boot.php(325): CodeIgniter\CodeIgniter->run()
12 SYSTEMPATH\Boot.php(67): CodeIgniter\Boot::runCodeIgniter(Object(CodeIgniter\CodeIgniter))
13 FCPATH\index.php(64): CodeIgniter\Boot::bootWeb(Object(Config\Paths))
CRITICAL - 2024-09-20 12:38:42 --> [Caused by] mysqli_sql_exception: Cannot add or update a child row: a foreign key constraint fails (`aivr`.`online_order_details`, CONSTRAINT `online_order_details_online_order_id_foreign` FOREIGN KEY (`online_order_id`) REFERENCES `online_orders` (`id`) ON DELETE CASCADE ON UPDATE CASCADE)
in SYSTEMPATH\Database\MySQLi\Connection.php on line 312.
 1 SYSTEMPATH\Database\MySQLi\Connection.php(312): mysqli->query('INSERT INTO `online_order_details` (`online_order_id`, `menu_item_id`, `quantity`, `subtotal`) VALUES (\'44\', \'1\', 1, \'180.00\')', 0)
 2 SYSTEMPATH\Database\BaseConnection.php(734): CodeIgniter\Database\MySQLi\Connection->execute('INSERT INTO `online_order_details` (`online_order_id`, `menu_item_id`, `quantity`, `subtotal`) VALUES (\'44\', \'1\', 1, \'180.00\')')
 3 SYSTEMPATH\Database\BaseConnection.php(648): CodeIgniter\Database\BaseConnection->simpleQuery('INSERT INTO `online_order_details` (`online_order_id`, `menu_item_id`, `quantity`, `subtotal`) VALUES (\'44\', \'1\', 1, \'180.00\')')
 4 SYSTEMPATH\Database\BaseBuilder.php(2340): CodeIgniter\Database\BaseConnection->query('INSERT INTO `online_order_details` (`online_order_id`, `menu_item_id`, `quantity`, `subtotal`) VALUES (:online_order_id:, :menu_item_id:, :quantity:, :subtotal:)', [...], false)
 5 SYSTEMPATH\Model.php(394): CodeIgniter\Database\BaseBuilder->insert()
 6 SYSTEMPATH\BaseModel.php(840): CodeIgniter\Model->doInsert([...])
 7 SYSTEMPATH\Model.php(802): CodeIgniter\BaseModel->insert([...], true)
 8 APPPATH\Controllers\OnlineOrderDetailsController.php(39): CodeIgniter\Model->insert([...])
 9 SYSTEMPATH\CodeIgniter.php(933): App\Controllers\OnlineOrderDetailsController->addOrUpdateOnlineOrderDetail()
10 SYSTEMPATH\CodeIgniter.php(509): CodeIgniter\CodeIgniter->runController(Object(App\Controllers\OnlineOrderDetailsController))
11 SYSTEMPATH\CodeIgniter.php(355): CodeIgniter\CodeIgniter->handleRequest(null, Object(Config\Cache), false)
12 SYSTEMPATH\Boot.php(325): CodeIgniter\CodeIgniter->run()
13 SYSTEMPATH\Boot.php(67): CodeIgniter\Boot::runCodeIgniter(Object(CodeIgniter\CodeIgniter))
14 FCPATH\index.php(64): CodeIgniter\Boot::bootWeb(Object(Config\Paths))
